5/10/2026, 3:50:54 PM GMT+2 [Modules] Modules initializing
5/10/2026, 3:50:54 PM GMT+2 [Modules] Distribution: remote
5/10/2026, 3:50:54 PM GMT+2 [Modules] Host updates: disabled
5/10/2026, 3:50:54 PM GMT+2 [Modules] Module updates: enabled
5/10/2026, 3:50:54 PM GMT+2 [Modules] Module install path: /home/beba/.config/discord/0.0.134/modules
5/10/2026, 3:50:54 PM GMT+2 [Modules] Module installed file path: /home/beba/.config/discord/0.0.134/modules/installed.json
5/10/2026, 3:50:54 PM GMT+2 [Modules] Module download path: /home/beba/.config/discord/0.0.134/modules/pending
5/10/2026, 3:50:54 PM GMT+2 [Modules] Bootstrapping...
5/10/2026, 3:50:54 PM GMT+2 [Modules] Installing discord_desktop_core@0 from /nix/store/xyk8gia07pljscq45mrxd3k517gdsk97-discord-0.0.134/opt/Discord/resources/bootstrap/discord_desktop_core.zip
5/10/2026, 3:50:54 PM GMT+2 [Modules] Failed installing discord_desktop_core@0: Error: ENOENT: no such file or directory, open '/nix/store/xyk8gia07pljscq45mrxd3k517gdsk97-discord-0.0.134/opt/Discord/resources/bootstrap/discord_desktop_core.zip'
5/10/2026, 3:50:54 PM GMT+2 [Modules] Installing discord_erlpack@0 from /nix/store/xyk8gia07pljscq45mrxd3k517gdsk97-discord-0.0.134/opt/Discord/resources/bootstrap/discord_erlpack.zip
5/10/2026, 3:50:54 PM GMT+2 [Modules] Failed installing discord_erlpack@0: Error: ENOENT: no such file or directory, open '/nix/store/xyk8gia07pljscq45mrxd3k517gdsk97-discord-0.0.134/opt/Discord/resources/bootstrap/discord_erlpack.zip'
5/10/2026, 3:50:54 PM GMT+2 [Modules] Installing discord_spellcheck@0 from /nix/store/xyk8gia07pljscq45mrxd3k517gdsk97-discord-0.0.134/opt/Discord/resources/bootstrap/discord_spellcheck.zip
5/10/2026, 3:50:54 PM GMT+2 [Modules] Failed installing discord_spellcheck@0: Error: ENOENT: no such file or directory, open '/nix/store/xyk8gia07pljscq45mrxd3k517gdsk97-discord-0.0.134/opt/Discord/resources/bootstrap/discord_spellcheck.zip'
5/10/2026, 3:50:54 PM GMT+2 [Modules] Installing discord_utils@0 from /nix/store/xyk8gia07pljscq45mrxd3k517gdsk97-discord-0.0.134/opt/Discord/resources/bootstrap/discord_utils.zip
5/10/2026, 3:50:54 PM GMT+2 [Modules] Failed installing discord_utils@0: Error: ENOENT: no such file or directory, open '/nix/store/xyk8gia07pljscq45mrxd3k517gdsk97-discord-0.0.134/opt/Discord/resources/bootstrap/discord_utils.zip'
5/10/2026, 3:50:54 PM GMT+2 [Modules] Installing discord_voice@0 from /nix/store/xyk8gia07pljscq45mrxd3k517gdsk97-discord-0.0.134/opt/Discord/resources/bootstrap/discord_voice.zip
5/10/2026, 3:50:54 PM GMT+2 [Modules] Failed installing discord_voice@0: Error: ENOENT: no such file or directory, open '/nix/store/xyk8gia07pljscq45mrxd3k517gdsk97-discord-0.0.134/opt/Discord/resources/bootstrap/discord_voice.zip'
5/10/2026, 3:50:54 PM GMT+2 [Modules] Installing discord_zstd@0 from /nix/store/xyk8gia07pljscq45mrxd3k517gdsk97-discord-0.0.134/opt/Discord/resources/bootstrap/discord_zstd.zip
5/10/2026, 3:50:54 PM GMT+2 [Modules] Failed installing discord_zstd@0: Error: ENOENT: no such file or directory, open '/nix/store/xyk8gia07pljscq45mrxd3k517gdsk97-discord-0.0.134/opt/Discord/resources/bootstrap/discord_zstd.zip'
5/10/2026, 3:50:54 PM GMT+2 [Modules] Finished module installations. [success: 0] [failure: 6]
5/10/2026, 3:50:54 PM GMT+2 [Modules] Host is up to date.
5/10/2026, 3:50:54 PM GMT+2 [Modules] Checking for module updates at https://discord.com/api/modules/stable/versions.json
5/10/2026, 3:50:54 PM GMT+2 [Modules] Module update available: discord_desktop_core@1 [installed: 0]
5/10/2026, 3:50:54 PM GMT+2 [Modules] Module update available: discord_erlpack@1 [installed: 0]
5/10/2026, 3:50:54 PM GMT+2 [Modules] Module update available: discord_spellcheck@1 [installed: 0]
5/10/2026, 3:50:54 PM GMT+2 [Modules] Module update available: discord_utils@1 [installed: 0]
5/10/2026, 3:50:54 PM GMT+2 [Modules] Module update available: discord_voice@1 [installed: 0]
5/10/2026, 3:50:54 PM GMT+2 [Modules] Module update available: discord_zstd@1 [installed: 0]
5/10/2026, 3:50:54 PM GMT+2 [Modules] Fetching discord_desktop_core@1 from https://discord.com/api/modules/stable/discord_desktop_core/1
5/10/2026, 3:50:54 PM GMT+2 [Modules] Streaming discord_desktop_core@1 to /home/beba/.config/discord/0.0.134/modules/pending/discord_desktop_core-1.zip
5/10/2026, 3:50:54 PM GMT+2 [Modules] Streaming discord_desktop_core@1 to /home/beba/.config/discord/0.0.134/modules/pending/discord_desktop_core-1.zip: 1%
5/10/2026, 3:50:54 PM GMT+2 [Modules] Streaming discord_desktop_core@1 to /home/beba/.config/discord/0.0.134/modules/pending/discord_desktop_core-1.zip: 2%
5/10/2026, 3:50:54 PM GMT+2 [Modules] Streaming discord_desktop_core@1 to /home/beba/.config/discord/0.0.134/modules/pending/discord_desktop_core-1.zip: 3%
5/10/2026, 3:50:54 PM GMT+2 [Modules] Streaming discord_desktop_core@1 to /home/beba/.config/discord/0.0.134/modules/pending/discord_desktop_core-1.zip: 4%
5/10/2026, 3:50:54 PM GMT+2 [Modules] Streaming discord_desktop_core@1 to /home/beba/.config/discord/0.0.134/modules/pending/discord_desktop_core-1.zip: 5%
5/10/2026, 3:50:54 PM GMT+2 [Modules] Streaming discord_desktop_core@1 to /home/beba/.config/discord/0.0.134/modules/pending/discord_desktop_core-1.zip: 7%
5/10/2026, 3:50:54 PM GMT+2 [Modules] Streaming discord_desktop_core@1 to /home/beba/.config/discord/0.0.134/modules/pending/discord_desktop_core-1.zip: 8%
5/10/2026, 3:50:54 PM GMT+2 [Modules] Streaming discord_desktop_core@1 to /home/beba/.config/discord/0.0.134/modules/pending/discord_desktop_core-1.zip: 11%
5/10/2026, 3:50:54 PM GMT+2 [Modules] Streaming discord_desktop_core@1 to /home/beba/.config/discord/0.0.134/modules/pending/discord_desktop_core-1.zip: 12%
5/10/2026, 3:50:54 PM GMT+2 [Modules] Streaming discord_desktop_core@1 to /home/beba/.config/discord/0.0.134/modules/pending/discord_desktop_core-1.zip: 14%
5/10/2026, 3:50:54 PM GMT+2 [Modules] Streaming discord_desktop_core@1 to /home/beba/.config/discord/0.0.134/modules/pending/discord_desktop_core-1.zip: 17%
5/10/2026, 3:50:54 PM GMT+2 [Modules] Streaming discord_desktop_core@1 to /home/beba/.config/discord/0.0.134/modules/pending/discord_desktop_core-1.zip: 19%
5/10/2026, 3:50:54 PM GMT+2 [Modules] Streaming discord_desktop_core@1 to /home/beba/.config/discord/0.0.134/modules/pending/discord_desktop_core-1.zip: 21%
5/10/2026, 3:50:54 PM GMT+2 [Modules] Streaming discord_desktop_core@1 to /home/beba/.config/discord/0.0.134/modules/pending/discord_desktop_core-1.zip: 24%
5/10/2026, 3:50:54 PM GMT+2 [Modules] Streaming discord_desktop_core@1 to /home/beba/.config/discord/0.0.134/modules/pending/discord_desktop_core-1.zip: 27%
5/10/2026, 3:50:54 PM GMT+2 [Modules] Streaming discord_desktop_core@1 to /home/beba/.config/discord/0.0.134/modules/pending/discord_desktop_core-1.zip: 28%
5/10/2026, 3:50:54 PM GMT+2 [Modules] Streaming discord_desktop_core@1 to /home/beba/.config/discord/0.0.134/modules/pending/discord_desktop_core-1.zip: 31%
5/10/2026, 3:50:54 PM GMT+2 [Modules] Streaming discord_desktop_core@1 to /home/beba/.config/discord/0.0.134/modules/pending/discord_desktop_core-1.zip: 32%
5/10/2026, 3:50:54 PM GMT+2 [Modules] Streaming discord_desktop_core@1 to /home/beba/.config/discord/0.0.134/modules/pending/discord_desktop_core-1.zip: 34%
5/10/2026, 3:50:54 PM GMT+2 [Modules] Streaming discord_desktop_core@1 to /home/beba/.config/discord/0.0.134/modules/pending/discord_desktop_core-1.zip: 36%
5/10/2026, 3:50:54 PM GMT+2 [Modules] Streaming discord_desktop_core@1 to /home/beba/.config/discord/0.0.134/modules/pending/discord_desktop_core-1.zip: 37%
5/10/2026, 3:50:54 PM GMT+2 [Modules] Streaming discord_desktop_core@1 to /home/beba/.config/discord/0.0.134/modules/pending/discord_desktop_core-1.zip: 38%
5/10/2026, 3:50:54 PM GMT+2 [Modules] Streaming discord_desktop_core@1 to /home/beba/.config/discord/0.0.134/modules/pending/discord_desktop_core-1.zip: 41%
5/10/2026, 3:50:54 PM GMT+2 [Modules] Streaming discord_desktop_core@1 to /home/beba/.config/discord/0.0.134/modules/pending/discord_desktop_core-1.zip: 42%
5/10/2026, 3:50:54 PM GMT+2 [Modules] Streaming discord_desktop_core@1 to /home/beba/.config/discord/0.0.134/modules/pending/discord_desktop_core-1.zip: 45%
5/10/2026, 3:50:54 PM GMT+2 [Modules] Streaming discord_desktop_core@1 to /home/beba/.config/discord/0.0.134/modules/pending/discord_desktop_core-1.zip: 46%
5/10/2026, 3:50:54 PM GMT+2 [Modules] Streaming discord_desktop_core@1 to /home/beba/.config/discord/0.0.134/modules/pending/discord_desktop_core-1.zip: 49%
5/10/2026, 3:50:54 PM GMT+2 [Modules] Streaming discord_desktop_core@1 to /home/beba/.config/discord/0.0.134/modules/pending/discord_desktop_core-1.zip: 51%
5/10/2026, 3:50:54 PM GMT+2 [Modules] Streaming discord_desktop_core@1 to /home/beba/.config/discord/0.0.134/modules/pending/discord_desktop_core-1.zip: 54%
5/10/2026, 3:50:54 PM GMT+2 [Modules] Streaming discord_desktop_core@1 to /home/beba/.config/discord/0.0.134/modules/pending/discord_desktop_core-1.zip: 57%
5/10/2026, 3:50:54 PM GMT+2 [Modules] Streaming discord_desktop_core@1 to /home/beba/.config/discord/0.0.134/modules/pending/discord_desktop_core-1.zip: 60%
5/10/2026, 3:50:54 PM GMT+2 [Modules] Streaming discord_desktop_core@1 to /home/beba/.config/discord/0.0.134/modules/pending/discord_desktop_core-1.zip: 63%
5/10/2026, 3:50:54 PM GMT+2 [Modules] Streaming discord_desktop_core@1 to /home/beba/.config/discord/0.0.134/modules/pending/discord_desktop_core-1.zip: 66%
5/10/2026, 3:50:54 PM GMT+2 [Modules] Streaming discord_desktop_core@1 to /home/beba/.config/discord/0.0.134/modules/pending/discord_desktop_core-1.zip: 69%
5/10/2026, 3:50:54 PM GMT+2 [Modules] Streaming discord_desktop_core@1 to /home/beba/.config/discord/0.0.134/modules/pending/discord_desktop_core-1.zip: 71%
5/10/2026, 3:50:54 PM GMT+2 [Modules] Streaming discord_desktop_core@1 to /home/beba/.config/discord/0.0.134/modules/pending/discord_desktop_core-1.zip: 74%
5/10/2026, 3:50:54 PM GMT+2 [Modules] Streaming discord_desktop_core@1 to /home/beba/.config/discord/0.0.134/modules/pending/discord_desktop_core-1.zip: 77%
5/10/2026, 3:50:54 PM GMT+2 [Modules] Streaming discord_desktop_core@1 to /home/beba/.config/discord/0.0.134/modules/pending/discord_desktop_core-1.zip: 78%
5/10/2026, 3:50:54 PM GMT+2 [Modules] Streaming discord_desktop_core@1 to /home/beba/.config/discord/0.0.134/modules/pending/discord_desktop_core-1.zip: 82%
5/10/2026, 3:50:54 PM GMT+2 [Modules] Streaming discord_desktop_core@1 to /home/beba/.config/discord/0.0.134/modules/pending/discord_desktop_core-1.zip: 85%
5/10/2026, 3:50:54 PM GMT+2 [Modules] Streaming discord_desktop_core@1 to /home/beba/.config/discord/0.0.134/modules/pending/discord_desktop_core-1.zip: 86%
5/10/2026, 3:50:54 PM GMT+2 [Modules] Streaming discord_desktop_core@1 to /home/beba/.config/discord/0.0.134/modules/pending/discord_desktop_core-1.zip: 89%
5/10/2026, 3:50:54 PM GMT+2 [Modules] Streaming discord_desktop_core@1 to /home/beba/.config/discord/0.0.134/modules/pending/discord_desktop_core-1.zip: 91%
5/10/2026, 3:50:54 PM GMT+2 [Modules] Streaming discord_desktop_core@1 to /home/beba/.config/discord/0.0.134/modules/pending/discord_desktop_core-1.zip: 94%
5/10/2026, 3:50:54 PM GMT+2 [Modules] Streaming discord_desktop_core@1 to /home/beba/.config/discord/0.0.134/modules/pending/discord_desktop_core-1.zip: 95%
5/10/2026, 3:50:54 PM GMT+2 [Modules] Streaming discord_desktop_core@1 to /home/beba/.config/discord/0.0.134/modules/pending/discord_desktop_core-1.zip: 98%
5/10/2026, 3:50:54 PM GMT+2 [Modules] Streaming discord_desktop_core@1 to /home/beba/.config/discord/0.0.134/modules/pending/discord_desktop_core-1.zip: 100%
5/10/2026, 3:50:54 PM GMT+2 [Modules] Fetching discord_erlpack@1 from https://discord.com/api/modules/stable/discord_erlpack/1
5/10/2026, 3:50:54 PM GMT+2 [Modules] Streaming discord_erlpack@1 to /home/beba/.config/discord/0.0.134/modules/pending/discord_erlpack-1.zip
5/10/2026, 3:50:55 PM GMT+2 [Modules] Streaming discord_erlpack@1 to /home/beba/.config/discord/0.0.134/modules/pending/discord_erlpack-1.zip: 3%
5/10/2026, 3:50:55 PM GMT+2 [Modules] Streaming discord_erlpack@1 to /home/beba/.config/discord/0.0.134/modules/pending/discord_erlpack-1.zip: 6%
5/10/2026, 3:50:55 PM GMT+2 [Modules] Streaming discord_erlpack@1 to /home/beba/.config/discord/0.0.134/modules/pending/discord_erlpack-1.zip: 9%
5/10/2026, 3:50:55 PM GMT+2 [Modules] Streaming discord_erlpack@1 to /home/beba/.config/discord/0.0.134/modules/pending/discord_erlpack-1.zip: 12%
5/10/2026, 3:50:55 PM GMT+2 [Modules] Streaming discord_erlpack@1 to /home/beba/.config/discord/0.0.134/modules/pending/discord_erlpack-1.zip: 15%
5/10/2026, 3:50:55 PM GMT+2 [Modules] Streaming discord_erlpack@1 to /home/beba/.config/discord/0.0.134/modules/pending/discord_erlpack-1.zip: 16%
5/10/2026, 3:50:55 PM GMT+2 [Modules] Streaming discord_erlpack@1 to /home/beba/.config/discord/0.0.134/modules/pending/discord_erlpack-1.zip: 19%
5/10/2026, 3:50:55 PM GMT+2 [Modules] Streaming discord_erlpack@1 to /home/beba/.config/discord/0.0.134/modules/pending/discord_erlpack-1.zip: 20%
5/10/2026, 3:50:55 PM GMT+2 [Modules] Streaming discord_erlpack@1 to /home/beba/.config/discord/0.0.134/modules/pending/discord_erlpack-1.zip: 23%
5/10/2026, 3:50:55 PM GMT+2 [Modules] Streaming discord_erlpack@1 to /home/beba/.config/discord/0.0.134/modules/pending/discord_erlpack-1.zip: 26%
5/10/2026, 3:50:55 PM GMT+2 [Modules] Streaming discord_erlpack@1 to /home/beba/.config/discord/0.0.134/modules/pending/discord_erlpack-1.zip: 29%
5/10/2026, 3:50:55 PM GMT+2 [Modules] Streaming discord_erlpack@1 to /home/beba/.config/discord/0.0.134/modules/pending/discord_erlpack-1.zip: 31%
5/10/2026, 3:50:55 PM GMT+2 [Modules] Streaming discord_erlpack@1 to /home/beba/.config/discord/0.0.134/modules/pending/discord_erlpack-1.zip: 34%
5/10/2026, 3:50:55 PM GMT+2 [Modules] Streaming discord_erlpack@1 to /home/beba/.config/discord/0.0.134/modules/pending/discord_erlpack-1.zip: 36%
5/10/2026, 3:50:55 PM GMT+2 [Modules] Streaming discord_erlpack@1 to /home/beba/.config/discord/0.0.134/modules/pending/discord_erlpack-1.zip: 40%
5/10/2026, 3:50:55 PM GMT+2 [Modules] Streaming discord_erlpack@1 to /home/beba/.config/discord/0.0.134/modules/pending/discord_erlpack-1.zip: 42%
5/10/2026, 3:50:55 PM GMT+2 [Modules] Streaming discord_erlpack@1 to /home/beba/.config/discord/0.0.134/modules/pending/discord_erlpack-1.zip: 44%
5/10/2026, 3:50:55 PM GMT+2 [Modules] Streaming discord_erlpack@1 to /home/beba/.config/discord/0.0.134/modules/pending/discord_erlpack-1.zip: 55%
5/10/2026, 3:50:55 PM GMT+2 [Modules] Streaming discord_erlpack@1 to /home/beba/.config/discord/0.0.134/modules/pending/discord_erlpack-1.zip: 69%
5/10/2026, 3:50:55 PM GMT+2 [Modules] Streaming discord_erlpack@1 to /home/beba/.config/discord/0.0.134/modules/pending/discord_erlpack-1.zip: 83%
5/10/2026, 3:50:55 PM GMT+2 [Modules] Streaming discord_erlpack@1 to /home/beba/.config/discord/0.0.134/modules/pending/discord_erlpack-1.zip: 88%
5/10/2026, 3:50:55 PM GMT+2 [Modules] Streaming discord_erlpack@1 to /home/beba/.config/discord/0.0.134/modules/pending/discord_erlpack-1.zip: 90%
5/10/2026, 3:50:55 PM GMT+2 [Modules] Streaming discord_erlpack@1 to /home/beba/.config/discord/0.0.134/modules/pending/discord_erlpack-1.zip: 92%
5/10/2026, 3:50:55 PM GMT+2 [Modules] Streaming discord_erlpack@1 to /home/beba/.config/discord/0.0.134/modules/pending/discord_erlpack-1.zip: 95%
5/10/2026, 3:50:55 PM GMT+2 [Modules] Streaming discord_erlpack@1 to /home/beba/.config/discord/0.0.134/modules/pending/discord_erlpack-1.zip: 100%
5/10/2026, 3:50:55 PM GMT+2 [Modules] Fetching discord_spellcheck@1 from https://discord.com/api/modules/stable/discord_spellcheck/1
5/10/2026, 3:50:55 PM GMT+2 [Modules] Streaming discord_spellcheck@1 to /home/beba/.config/discord/0.0.134/modules/pending/discord_spellcheck-1.zip
5/10/2026, 3:50:56 PM GMT+2 [Modules] Streaming discord_spellcheck@1 to /home/beba/.config/discord/0.0.134/modules/pending/discord_spellcheck-1.zip: 1%
5/10/2026, 3:50:56 PM GMT+2 [Modules] Streaming discord_spellcheck@1 to /home/beba/.config/discord/0.0.134/modules/pending/discord_spellcheck-1.zip: 2%
5/10/2026, 3:50:56 PM GMT+2 [Modules] Streaming discord_spellcheck@1 to /home/beba/.config/discord/0.0.134/modules/pending/discord_spellcheck-1.zip: 3%
5/10/2026, 3:50:56 PM GMT+2 [Modules] Streaming discord_spellcheck@1 to /home/beba/.config/discord/0.0.134/modules/pending/discord_spellcheck-1.zip: 4%
5/10/2026, 3:50:56 PM GMT+2 [Modules] Streaming discord_spellcheck@1 to /home/beba/.config/discord/0.0.134/modules/pending/discord_spellcheck-1.zip: 5%
5/10/2026, 3:50:56 PM GMT+2 [Modules] Streaming discord_spellcheck@1 to /home/beba/.config/discord/0.0.134/modules/pending/discord_spellcheck-1.zip: 6%
5/10/2026, 3:50:56 PM GMT+2 [Modules] Streaming discord_spellcheck@1 to /home/beba/.config/discord/0.0.134/modules/pending/discord_spellcheck-1.zip: 7%
5/10/2026, 3:50:56 PM GMT+2 [Modules] Streaming discord_spellcheck@1 to /home/beba/.config/discord/0.0.134/modules/pending/discord_spellcheck-1.zip: 8%
5/10/2026, 3:50:56 PM GMT+2 [Modules] Streaming discord_spellcheck@1 to /home/beba/.config/discord/0.0.134/modules/pending/discord_spellcheck-1.zip: 9%
5/10/2026, 3:50:56 PM GMT+2 [Modules] Streaming discord_spellcheck@1 to /home/beba/.config/discord/0.0.134/modules/pending/discord_spellcheck-1.zip: 10%
5/10/2026, 3:50:56 PM GMT+2 [Modules] Streaming discord_spellcheck@1 to /home/beba/.config/discord/0.0.134/modules/pending/discord_spellcheck-1.zip: 11%
5/10/2026, 3:50:56 PM GMT+2 [Modules] Streaming discord_spellcheck@1 to /home/beba/.config/discord/0.0.134/modules/pending/discord_spellcheck-1.zip: 12%
5/10/2026, 3:50:56 PM GMT+2 [Modules] Streaming discord_spellcheck@1 to /home/beba/.config/discord/0.0.134/modules/pending/discord_spellcheck-1.zip: 13%
5/10/2026, 3:50:56 PM GMT+2 [Modules] Streaming discord_spellcheck@1 to /home/beba/.config/discord/0.0.134/modules/pending/discord_spellcheck-1.zip: 14%
5/10/2026, 3:50:56 PM GMT+2 [Modules] Streaming discord_spellcheck@1 to /home/beba/.config/discord/0.0.134/modules/pending/discord_spellcheck-1.zip: 15%
5/10/2026, 3:50:56 PM GMT+2 [Modules] Streaming discord_spellcheck@1 to /home/beba/.config/discord/0.0.134/modules/pending/discord_spellcheck-1.zip: 16%
5/10/2026, 3:50:56 PM GMT+2 [Modules] Streaming discord_spellcheck@1 to /home/beba/.config/discord/0.0.134/modules/pending/discord_spellcheck-1.zip: 17%
5/10/2026, 3:50:56 PM GMT+2 [Modules] Streaming discord_spellcheck@1 to /home/beba/.config/discord/0.0.134/modules/pending/discord_spellcheck-1.zip: 18%
5/10/2026, 3:50:56 PM GMT+2 [Modules] Streaming discord_spellcheck@1 to /home/beba/.config/discord/0.0.134/modules/pending/discord_spellcheck-1.zip: 19%
5/10/2026, 3:50:56 PM GMT+2 [Modules] Streaming discord_spellcheck@1 to /home/beba/.config/discord/0.0.134/modules/pending/discord_spellcheck-1.zip: 20%
5/10/2026, 3:50:56 PM GMT+2 [Modules] Streaming discord_spellcheck@1 to /home/beba/.config/discord/0.0.134/modules/pending/discord_spellcheck-1.zip: 21%
5/10/2026, 3:50:56 PM GMT+2 [Modules] Streaming discord_spellcheck@1 to /home/beba/.config/discord/0.0.134/modules/pending/discord_spellcheck-1.zip: 22%
5/10/2026, 3:50:56 PM GMT+2 [Modules] Streaming discord_spellcheck@1 to /home/beba/.config/discord/0.0.134/modules/pending/discord_spellcheck-1.zip: 23%
5/10/2026, 3:50:56 PM GMT+2 [Modules] Streaming discord_spellcheck@1 to /home/beba/.config/discord/0.0.134/modules/pending/discord_spellcheck-1.zip: 24%
5/10/2026, 3:50:56 PM GMT+2 [Modules] Streaming discord_spellcheck@1 to /home/beba/.config/discord/0.0.134/modules/pending/discord_spellcheck-1.zip: 25%
5/10/2026, 3:50:56 PM GMT+2 [Modules] Streaming discord_spellcheck@1 to /home/beba/.config/discord/0.0.134/modules/pending/discord_spellcheck-1.zip: 26%
5/10/2026, 3:50:56 PM GMT+2 [Modules] Streaming discord_spellcheck@1 to /home/beba/.config/discord/0.0.134/modules/pending/discord_spellcheck-1.zip: 27%
5/10/2026, 3:50:56 PM GMT+2 [Modules] Streaming discord_spellcheck@1 to /home/beba/.config/discord/0.0.134/modules/pending/discord_spellcheck-1.zip: 28%
5/10/2026, 3:50:56 PM GMT+2 [Modules] Streaming discord_spellcheck@1 to /home/beba/.config/discord/0.0.134/modules/pending/discord_spellcheck-1.zip: 29%
5/10/2026, 3:50:56 PM GMT+2 [Modules] Streaming discord_spellcheck@1 to /home/beba/.config/discord/0.0.134/modules/pending/discord_spellcheck-1.zip: 30%
5/10/2026, 3:50:56 PM GMT+2 [Modules] Streaming discord_spellcheck@1 to /home/beba/.config/discord/0.0.134/modules/pending/discord_spellcheck-1.zip: 31%
5/10/2026, 3:50:56 PM GMT+2 [Modules] Streaming discord_spellcheck@1 to /home/beba/.config/discord/0.0.134/modules/pending/discord_spellcheck-1.zip: 32%
5/10/2026, 3:50:56 PM GMT+2 [Modules] Streaming discord_spellcheck@1 to /home/beba/.config/discord/0.0.134/modules/pending/discord_spellcheck-1.zip: 33%
5/10/2026, 3:50:56 PM GMT+2 [Modules] Streaming discord_spellcheck@1 to /home/beba/.config/discord/0.0.134/modules/pending/discord_spellcheck-1.zip: 34%
5/10/2026, 3:50:56 PM GMT+2 [Modules] Streaming discord_spellcheck@1 to /home/beba/.config/discord/0.0.134/modules/pending/discord_spellcheck-1.zip: 35%
5/10/2026, 3:50:56 PM GMT+2 [Modules] Streaming discord_spellcheck@1 to /home/beba/.config/discord/0.0.134/modules/pending/discord_spellcheck-1.zip: 36%
5/10/2026, 3:50:56 PM GMT+2 [Modules] Streaming discord_spellcheck@1 to /home/beba/.config/discord/0.0.134/modules/pending/discord_spellcheck-1.zip: 37%
5/10/2026, 3:50:56 PM GMT+2 [Modules] Streaming discord_spellcheck@1 to /home/beba/.config/discord/0.0.134/modules/pending/discord_spellcheck-1.zip: 38%
5/10/2026, 3:50:56 PM GMT+2 [Modules] Streaming discord_spellcheck@1 to /home/beba/.config/discord/0.0.134/modules/pending/discord_spellcheck-1.zip: 39%
5/10/2026, 3:50:56 PM GMT+2 [Modules] Streaming discord_spellcheck@1 to /home/beba/.config/discord/0.0.134/modules/pending/discord_spellcheck-1.zip: 40%
5/10/2026, 3:50:56 PM GMT+2 [Modules] Streaming discord_spellcheck@1 to /home/beba/.config/discord/0.0.134/modules/pending/discord_spellcheck-1.zip: 41%
5/10/2026, 3:50:57 PM GMT+2 [Modules] Streaming discord_spellcheck@1 to /home/beba/.config/discord/0.0.134/modules/pending/discord_spellcheck-1.zip: 42%
5/10/2026, 3:50:57 PM GMT+2 [Modules] Streaming discord_spellcheck@1 to /home/beba/.config/discord/0.0.134/modules/pending/discord_spellcheck-1.zip: 43%
5/10/2026, 3:50:57 PM GMT+2 [Modules] Streaming discord_spellcheck@1 to /home/beba/.config/discord/0.0.134/modules/pending/discord_spellcheck-1.zip: 44%
5/10/2026, 3:50:57 PM GMT+2 [Modules] Streaming discord_spellcheck@1 to /home/beba/.config/discord/0.0.134/modules/pending/discord_spellcheck-1.zip: 45%
5/10/2026, 3:50:57 PM GMT+2 [Modules] Streaming discord_spellcheck@1 to /home/beba/.config/discord/0.0.134/modules/pending/discord_spellcheck-1.zip: 46%
5/10/2026, 3:50:57 PM GMT+2 [Modules] Streaming discord_spellcheck@1 to /home/beba/.config/discord/0.0.134/modules/pending/discord_spellcheck-1.zip: 47%
5/10/2026, 3:50:57 PM GMT+2 [Modules] Streaming discord_spellcheck@1 to /home/beba/.config/discord/0.0.134/modules/pending/discord_spellcheck-1.zip: 48%
5/10/2026, 3:50:57 PM GMT+2 [Modules] Streaming discord_spellcheck@1 to /home/beba/.config/discord/0.0.134/modules/pending/discord_spellcheck-1.zip: 49%
5/10/2026, 3:50:57 PM GMT+2 [Modules] Streaming discord_spellcheck@1 to /home/beba/.config/discord/0.0.134/modules/pending/discord_spellcheck-1.zip: 50%
5/10/2026, 3:50:57 PM GMT+2 [Modules] Streaming discord_spellcheck@1 to /home/beba/.config/discord/0.0.134/modules/pending/discord_spellcheck-1.zip: 51%
5/10/2026, 3:50:57 PM GMT+2 [Modules] Streaming discord_spellcheck@1 to /home/beba/.config/discord/0.0.134/modules/pending/discord_spellcheck-1.zip: 52%
5/10/2026, 3:50:57 PM GMT+2 [Modules] Streaming discord_spellcheck@1 to /home/beba/.config/discord/0.0.134/modules/pending/discord_spellcheck-1.zip: 53%
5/10/2026, 3:50:57 PM GMT+2 [Modules] Streaming discord_spellcheck@1 to /home/beba/.config/discord/0.0.134/modules/pending/discord_spellcheck-1.zip: 54%
5/10/2026, 3:50:57 PM GMT+2 [Modules] Streaming discord_spellcheck@1 to /home/beba/.config/discord/0.0.134/modules/pending/discord_spellcheck-1.zip: 55%
5/10/2026, 3:50:57 PM GMT+2 [Modules] Streaming discord_spellcheck@1 to /home/beba/.config/discord/0.0.134/modules/pending/discord_spellcheck-1.zip: 56%
5/10/2026, 3:50:57 PM GMT+2 [Modules] Streaming discord_spellcheck@1 to /home/beba/.config/discord/0.0.134/modules/pending/discord_spellcheck-1.zip: 57%
5/10/2026, 3:50:57 PM GMT+2 [Modules] Streaming discord_spellcheck@1 to /home/beba/.config/discord/0.0.134/modules/pending/discord_spellcheck-1.zip: 58%
5/10/2026, 3:50:57 PM GMT+2 [Modules] Streaming discord_spellcheck@1 to /home/beba/.config/discord/0.0.134/modules/pending/discord_spellcheck-1.zip: 59%
5/10/2026, 3:50:57 PM GMT+2 [Modules] Streaming discord_spellcheck@1 to /home/beba/.config/discord/0.0.134/modules/pending/discord_spellcheck-1.zip: 60%
5/10/2026, 3:50:57 PM GMT+2 [Modules] Streaming discord_spellcheck@1 to /home/beba/.config/discord/0.0.134/modules/pending/discord_spellcheck-1.zip: 61%
5/10/2026, 3:50:58 PM GMT+2 [Modules] Streaming discord_spellcheck@1 to /home/beba/.config/discord/0.0.134/modules/pending/discord_spellcheck-1.zip: 62%
5/10/2026, 3:50:58 PM GMT+2 [Modules] Streaming discord_spellcheck@1 to /home/beba/.config/discord/0.0.134/modules/pending/discord_spellcheck-1.zip: 63%
5/10/2026, 3:50:58 PM GMT+2 [Modules] Streaming discord_spellcheck@1 to /home/beba/.config/discord/0.0.134/modules/pending/discord_spellcheck-1.zip: 64%
5/10/2026, 3:50:58 PM GMT+2 [Modules] Streaming discord_spellcheck@1 to /home/beba/.config/discord/0.0.134/modules/pending/discord_spellcheck-1.zip: 65%
5/10/2026, 3:50:58 PM GMT+2 [Modules] Streaming discord_spellcheck@1 to /home/beba/.config/discord/0.0.134/modules/pending/discord_spellcheck-1.zip: 66%
5/10/2026, 3:50:58 PM GMT+2 [Modules] Streaming discord_spellcheck@1 to /home/beba/.config/discord/0.0.134/modules/pending/discord_spellcheck-1.zip: 67%
5/10/2026, 3:50:58 PM GMT+2 [Modules] Streaming discord_spellcheck@1 to /home/beba/.config/discord/0.0.134/modules/pending/discord_spellcheck-1.zip: 68%
5/10/2026, 3:50:58 PM GMT+2 [Modules] Streaming discord_spellcheck@1 to /home/beba/.config/discord/0.0.134/modules/pending/discord_spellcheck-1.zip: 69%
5/10/2026, 3:50:58 PM GMT+2 [Modules] Streaming discord_spellcheck@1 to /home/beba/.config/discord/0.0.134/modules/pending/discord_spellcheck-1.zip: 70%
5/10/2026, 3:50:58 PM GMT+2 [Modules] Streaming discord_spellcheck@1 to /home/beba/.config/discord/0.0.134/modules/pending/discord_spellcheck-1.zip: 71%
5/10/2026, 3:50:58 PM GMT+2 [Modules] Streaming discord_spellcheck@1 to /home/beba/.config/discord/0.0.134/modules/pending/discord_spellcheck-1.zip: 72%
5/10/2026, 3:50:58 PM GMT+2 [Modules] Streaming discord_spellcheck@1 to /home/beba/.config/discord/0.0.134/modules/pending/discord_spellcheck-1.zip: 73%
5/10/2026, 3:50:58 PM GMT+2 [Modules] Streaming discord_spellcheck@1 to /home/beba/.config/discord/0.0.134/modules/pending/discord_spellcheck-1.zip: 74%
5/10/2026, 3:50:58 PM GMT+2 [Modules] Streaming discord_spellcheck@1 to /home/beba/.config/discord/0.0.134/modules/pending/discord_spellcheck-1.zip: 75%
5/10/2026, 3:50:58 PM GMT+2 [Modules] Streaming discord_spellcheck@1 to /home/beba/.config/discord/0.0.134/modules/pending/discord_spellcheck-1.zip: 76%
5/10/2026, 3:50:58 PM GMT+2 [Modules] Streaming discord_spellcheck@1 to /home/beba/.config/discord/0.0.134/modules/pending/discord_spellcheck-1.zip: 77%
5/10/2026, 3:50:58 PM GMT+2 [Modules] Streaming discord_spellcheck@1 to /home/beba/.config/discord/0.0.134/modules/pending/discord_spellcheck-1.zip: 78%
5/10/2026, 3:50:58 PM GMT+2 [Modules] Streaming discord_spellcheck@1 to /home/beba/.config/discord/0.0.134/modules/pending/discord_spellcheck-1.zip: 79%
5/10/2026, 3:50:58 PM GMT+2 [Modules] Streaming discord_spellcheck@1 to /home/beba/.config/discord/0.0.134/modules/pending/discord_spellcheck-1.zip: 80%
5/10/2026, 3:50:58 PM GMT+2 [Modules] Streaming discord_spellcheck@1 to /home/beba/.config/discord/0.0.134/modules/pending/discord_spellcheck-1.zip: 81%
5/10/2026, 3:50:58 PM GMT+2 [Modules] Streaming discord_spellcheck@1 to /home/beba/.config/discord/0.0.134/modules/pending/discord_spellcheck-1.zip: 82%
5/10/2026, 3:50:58 PM GMT+2 [Modules] Streaming discord_spellcheck@1 to /home/beba/.config/discord/0.0.134/modules/pending/discord_spellcheck-1.zip: 83%
5/10/2026, 3:50:58 PM GMT+2 [Modules] Streaming discord_spellcheck@1 to /home/beba/.config/discord/0.0.134/modules/pending/discord_spellcheck-1.zip: 84%
5/10/2026, 3:50:58 PM GMT+2 [Modules] Streaming discord_spellcheck@1 to /home/beba/.config/discord/0.0.134/modules/pending/discord_spellcheck-1.zip: 85%
5/10/2026, 3:50:58 PM GMT+2 [Modules] Streaming discord_spellcheck@1 to /home/beba/.config/discord/0.0.134/modules/pending/discord_spellcheck-1.zip: 86%
5/10/2026, 3:50:58 PM GMT+2 [Modules] Streaming discord_spellcheck@1 to /home/beba/.config/discord/0.0.134/modules/pending/discord_spellcheck-1.zip: 87%
5/10/2026, 3:50:58 PM GMT+2 [Modules] Streaming discord_spellcheck@1 to /home/beba/.config/discord/0.0.134/modules/pending/discord_spellcheck-1.zip: 88%
5/10/2026, 3:50:58 PM GMT+2 [Modules] Streaming discord_spellcheck@1 to /home/beba/.config/discord/0.0.134/modules/pending/discord_spellcheck-1.zip: 89%
5/10/2026, 3:50:58 PM GMT+2 [Modules] Streaming discord_spellcheck@1 to /home/beba/.config/discord/0.0.134/modules/pending/discord_spellcheck-1.zip: 90%
5/10/2026, 3:50:58 PM GMT+2 [Modules] Streaming discord_spellcheck@1 to /home/beba/.config/discord/0.0.134/modules/pending/discord_spellcheck-1.zip: 91%
5/10/2026, 3:50:58 PM GMT+2 [Modules] Streaming discord_spellcheck@1 to /home/beba/.config/discord/0.0.134/modules/pending/discord_spellcheck-1.zip: 92%
5/10/2026, 3:50:58 PM GMT+2 [Modules] Streaming discord_spellcheck@1 to /home/beba/.config/discord/0.0.134/modules/pending/discord_spellcheck-1.zip: 93%
5/10/2026, 3:50:58 PM GMT+2 [Modules] Streaming discord_spellcheck@1 to /home/beba/.config/discord/0.0.134/modules/pending/discord_spellcheck-1.zip: 94%
5/10/2026, 3:50:58 PM GMT+2 [Modules] Streaming discord_spellcheck@1 to /home/beba/.config/discord/0.0.134/modules/pending/discord_spellcheck-1.zip: 95%
5/10/2026, 3:50:58 PM GMT+2 [Modules] Streaming discord_spellcheck@1 to /home/beba/.config/discord/0.0.134/modules/pending/discord_spellcheck-1.zip: 96%
5/10/2026, 3:50:58 PM GMT+2 [Modules] Streaming discord_spellcheck@1 to /home/beba/.config/discord/0.0.134/modules/pending/discord_spellcheck-1.zip: 97%
5/10/2026, 3:50:58 PM GMT+2 [Modules] Streaming discord_spellcheck@1 to /home/beba/.config/discord/0.0.134/modules/pending/discord_spellcheck-1.zip: 98%
5/10/2026, 3:50:58 PM GMT+2 [Modules] Streaming discord_spellcheck@1 to /home/beba/.config/discord/0.0.134/modules/pending/discord_spellcheck-1.zip: 99%
5/10/2026, 3:50:58 PM GMT+2 [Modules] Streaming discord_spellcheck@1 to /home/beba/.config/discord/0.0.134/modules/pending/discord_spellcheck-1.zip: 100%
5/10/2026, 3:50:58 PM GMT+2 [Modules] Fetching discord_utils@1 from https://discord.com/api/modules/stable/discord_utils/1
5/10/2026, 3:50:58 PM GMT+2 [Modules] Streaming discord_utils@1 to /home/beba/.config/discord/0.0.134/modules/pending/discord_utils-1.zip
5/10/2026, 3:50:59 PM GMT+2 [Modules] Streaming discord_utils@1 to /home/beba/.config/discord/0.0.134/modules/pending/discord_utils-1.zip: 2%
5/10/2026, 3:50:59 PM GMT+2 [Modules] Streaming discord_utils@1 to /home/beba/.config/discord/0.0.134/modules/pending/discord_utils-1.zip: 3%
5/10/2026, 3:50:59 PM GMT+2 [Modules] Streaming discord_utils@1 to /home/beba/.config/discord/0.0.134/modules/pending/discord_utils-1.zip: 4%
5/10/2026, 3:50:59 PM GMT+2 [Modules] Streaming discord_utils@1 to /home/beba/.config/discord/0.0.134/modules/pending/discord_utils-1.zip: 5%
5/10/2026, 3:50:59 PM GMT+2 [Modules] Streaming discord_utils@1 to /home/beba/.config/discord/0.0.134/modules/pending/discord_utils-1.zip: 6%
5/10/2026, 3:50:59 PM GMT+2 [Modules] Streaming discord_utils@1 to /home/beba/.config/discord/0.0.134/modules/pending/discord_utils-1.zip: 7%
5/10/2026, 3:50:59 PM GMT+2 [Modules] Streaming discord_utils@1 to /home/beba/.config/discord/0.0.134/modules/pending/discord_utils-1.zip: 8%
5/10/2026, 3:50:59 PM GMT+2 [Modules] Streaming discord_utils@1 to /home/beba/.config/discord/0.0.134/modules/pending/discord_utils-1.zip: 9%
5/10/2026, 3:50:59 PM GMT+2 [Modules] Streaming discord_utils@1 to /home/beba/.config/discord/0.0.134/modules/pending/discord_utils-1.zip: 10%
5/10/2026, 3:50:59 PM GMT+2 [Modules] Streaming discord_utils@1 to /home/beba/.config/discord/0.0.134/modules/pending/discord_utils-1.zip: 11%
5/10/2026, 3:50:59 PM GMT+2 [Modules] Streaming discord_utils@1 to /home/beba/.config/discord/0.0.134/modules/pending/discord_utils-1.zip: 12%
5/10/2026, 3:50:59 PM GMT+2 [Modules] Streaming discord_utils@1 to /home/beba/.config/discord/0.0.134/modules/pending/discord_utils-1.zip: 13%
5/10/2026, 3:50:59 PM GMT+2 [Modules] Streaming discord_utils@1 to /home/beba/.config/discord/0.0.134/modules/pending/discord_utils-1.zip: 14%
5/10/2026, 3:50:59 PM GMT+2 [Modules] Streaming discord_utils@1 to /home/beba/.config/discord/0.0.134/modules/pending/discord_utils-1.zip: 15%
5/10/2026, 3:50:59 PM GMT+2 [Modules] Streaming discord_utils@1 to /home/beba/.config/discord/0.0.134/modules/pending/discord_utils-1.zip: 16%
5/10/2026, 3:50:59 PM GMT+2 [Modules] Streaming discord_utils@1 to /home/beba/.config/discord/0.0.134/modules/pending/discord_utils-1.zip: 17%
5/10/2026, 3:50:59 PM GMT+2 [Modules] Streaming discord_utils@1 to /home/beba/.config/discord/0.0.134/modules/pending/discord_utils-1.zip: 18%
5/10/2026, 3:50:59 PM GMT+2 [Modules] Streaming discord_utils@1 to /home/beba/.config/discord/0.0.134/modules/pending/discord_utils-1.zip: 19%
5/10/2026, 3:50:59 PM GMT+2 [Modules] Streaming discord_utils@1 to /home/beba/.config/discord/0.0.134/modules/pending/discord_utils-1.zip: 20%
5/10/2026, 3:50:59 PM GMT+2 [Modules] Streaming discord_utils@1 to /home/beba/.config/discord/0.0.134/modules/pending/discord_utils-1.zip: 21%
5/10/2026, 3:50:59 PM GMT+2 [Modules] Streaming discord_utils@1 to /home/beba/.config/discord/0.0.134/modules/pending/discord_utils-1.zip: 22%
5/10/2026, 3:50:59 PM GMT+2 [Modules] Streaming discord_utils@1 to /home/beba/.config/discord/0.0.134/modules/pending/discord_utils-1.zip: 25%
5/10/2026, 3:50:59 PM GMT+2 [Modules] Streaming discord_utils@1 to /home/beba/.config/discord/0.0.134/modules/pending/discord_utils-1.zip: 27%
5/10/2026, 3:50:59 PM GMT+2 [Modules] Streaming discord_utils@1 to /home/beba/.config/discord/0.0.134/modules/pending/discord_utils-1.zip: 28%
5/10/2026, 3:50:59 PM GMT+2 [Modules] Streaming discord_utils@1 to /home/beba/.config/discord/0.0.134/modules/pending/discord_utils-1.zip: 29%
5/10/2026, 3:50:59 PM GMT+2 [Modules] Streaming discord_utils@1 to /home/beba/.config/discord/0.0.134/modules/pending/discord_utils-1.zip: 30%
5/10/2026, 3:50:59 PM GMT+2 [Modules] Streaming discord_utils@1 to /home/beba/.config/discord/0.0.134/modules/pending/discord_utils-1.zip: 31%
5/10/2026, 3:50:59 PM GMT+2 [Modules] Streaming discord_utils@1 to /home/beba/.config/discord/0.0.134/modules/pending/discord_utils-1.zip: 32%
5/10/2026, 3:50:59 PM GMT+2 [Modules] Streaming discord_utils@1 to /home/beba/.config/discord/0.0.134/modules/pending/discord_utils-1.zip: 33%
5/10/2026, 3:50:59 PM GMT+2 [Modules] Streaming discord_utils@1 to /home/beba/.config/discord/0.0.134/modules/pending/discord_utils-1.zip: 34%
5/10/2026, 3:50:59 PM GMT+2 [Modules] Streaming discord_utils@1 to /home/beba/.config/discord/0.0.134/modules/pending/discord_utils-1.zip: 35%
5/10/2026, 3:50:59 PM GMT+2 [Modules] Streaming discord_utils@1 to /home/beba/.config/discord/0.0.134/modules/pending/discord_utils-1.zip: 36%
5/10/2026, 3:50:59 PM GMT+2 [Modules] Streaming discord_utils@1 to /home/beba/.config/discord/0.0.134/modules/pending/discord_utils-1.zip: 37%
5/10/2026, 3:50:59 PM GMT+2 [Modules] Streaming discord_utils@1 to /home/beba/.config/discord/0.0.134/modules/pending/discord_utils-1.zip: 38%
5/10/2026, 3:50:59 PM GMT+2 [Modules] Streaming discord_utils@1 to /home/beba/.config/discord/0.0.134/modules/pending/discord_utils-1.zip: 39%
5/10/2026, 3:50:59 PM GMT+2 [Modules] Streaming discord_utils@1 to /home/beba/.config/discord/0.0.134/modules/pending/discord_utils-1.zip: 40%
5/10/2026, 3:50:59 PM GMT+2 [Modules] Streaming discord_utils@1 to /home/beba/.config/discord/0.0.134/modules/pending/discord_utils-1.zip: 41%
5/10/2026, 3:50:59 PM GMT+2 [Modules] Streaming discord_utils@1 to /home/beba/.config/discord/0.0.134/modules/pending/discord_utils-1.zip: 42%
5/10/2026, 3:50:59 PM GMT+2 [Modules] Streaming discord_utils@1 to /home/beba/.config/discord/0.0.134/modules/pending/discord_utils-1.zip: 43%
5/10/2026, 3:50:59 PM GMT+2 [Modules] Streaming discord_utils@1 to /home/beba/.config/discord/0.0.134/modules/pending/discord_utils-1.zip: 44%
5/10/2026, 3:50:59 PM GMT+2 [Modules] Streaming discord_utils@1 to /home/beba/.config/discord/0.0.134/modules/pending/discord_utils-1.zip: 45%
5/10/2026, 3:50:59 PM GMT+2 [Modules] Streaming discord_utils@1 to /home/beba/.config/discord/0.0.134/modules/pending/discord_utils-1.zip: 46%
5/10/2026, 3:50:59 PM GMT+2 [Modules] Streaming discord_utils@1 to /home/beba/.config/discord/0.0.134/modules/pending/discord_utils-1.zip: 47%
5/10/2026, 3:50:59 PM GMT+2 [Modules] Streaming discord_utils@1 to /home/beba/.config/discord/0.0.134/modules/pending/discord_utils-1.zip: 48%
5/10/2026, 3:50:59 PM GMT+2 [Modules] Streaming discord_utils@1 to /home/beba/.config/discord/0.0.134/modules/pending/discord_utils-1.zip: 49%
5/10/2026, 3:50:59 PM GMT+2 [Modules] Streaming discord_utils@1 to /home/beba/.config/discord/0.0.134/modules/pending/discord_utils-1.zip: 50%
5/10/2026, 3:50:59 PM GMT+2 [Modules] Streaming discord_utils@1 to /home/beba/.config/discord/0.0.134/modules/pending/discord_utils-1.zip: 51%
5/10/2026, 3:50:59 PM GMT+2 [Modules] Streaming discord_utils@1 to /home/beba/.config/discord/0.0.134/modules/pending/discord_utils-1.zip: 52%
5/10/2026, 3:50:59 PM GMT+2 [Modules] Streaming discord_utils@1 to /home/beba/.config/discord/0.0.134/modules/pending/discord_utils-1.zip: 53%
5/10/2026, 3:50:59 PM GMT+2 [Modules] Streaming discord_utils@1 to /home/beba/.config/discord/0.0.134/modules/pending/discord_utils-1.zip: 54%
5/10/2026, 3:50:59 PM GMT+2 [Modules] Streaming discord_utils@1 to /home/beba/.config/discord/0.0.134/modules/pending/discord_utils-1.zip: 55%
5/10/2026, 3:50:59 PM GMT+2 [Modules] Streaming discord_utils@1 to /home/beba/.config/discord/0.0.134/modules/pending/discord_utils-1.zip: 56%
5/10/2026, 3:50:59 PM GMT+2 [Modules] Streaming discord_utils@1 to /home/beba/.config/discord/0.0.134/modules/pending/discord_utils-1.zip: 57%
5/10/2026, 3:50:59 PM GMT+2 [Modules] Streaming discord_utils@1 to /home/beba/.config/discord/0.0.134/modules/pending/discord_utils-1.zip: 58%
5/10/2026, 3:50:59 PM GMT+2 [Modules] Streaming discord_utils@1 to /home/beba/.config/discord/0.0.134/modules/pending/discord_utils-1.zip: 59%
5/10/2026, 3:50:59 PM GMT+2 [Modules] Streaming discord_utils@1 to /home/beba/.config/discord/0.0.134/modules/pending/discord_utils-1.zip: 60%
5/10/2026, 3:50:59 PM GMT+2 [Modules] Streaming discord_utils@1 to /home/beba/.config/discord/0.0.134/modules/pending/discord_utils-1.zip: 61%
5/10/2026, 3:50:59 PM GMT+2 [Modules] Streaming discord_utils@1 to /home/beba/.config/discord/0.0.134/modules/pending/discord_utils-1.zip: 62%
5/10/2026, 3:50:59 PM GMT+2 [Modules] Streaming discord_utils@1 to /home/beba/.config/discord/0.0.134/modules/pending/discord_utils-1.zip: 63%
5/10/2026, 3:50:59 PM GMT+2 [Modules] Streaming discord_utils@1 to /home/beba/.config/discord/0.0.134/modules/pending/discord_utils-1.zip: 64%
5/10/2026, 3:50:59 PM GMT+2 [Modules] Streaming discord_utils@1 to /home/beba/.config/discord/0.0.134/modules/pending/discord_utils-1.zip: 65%
5/10/2026, 3:50:59 PM GMT+2 [Modules] Streaming discord_utils@1 to /home/beba/.config/discord/0.0.134/modules/pending/discord_utils-1.zip: 66%
5/10/2026, 3:50:59 PM GMT+2 [Modules] Streaming discord_utils@1 to /home/beba/.config/discord/0.0.134/modules/pending/discord_utils-1.zip: 67%
5/10/2026, 3:50:59 PM GMT+2 [Modules] Streaming discord_utils@1 to /home/beba/.config/discord/0.0.134/modules/pending/discord_utils-1.zip: 68%
5/10/2026, 3:50:59 PM GMT+2 [Modules] Streaming discord_utils@1 to /home/beba/.config/discord/0.0.134/modules/pending/discord_utils-1.zip: 69%
5/10/2026, 3:50:59 PM GMT+2 [Modules] Streaming discord_utils@1 to /home/beba/.config/discord/0.0.134/modules/pending/discord_utils-1.zip: 70%
5/10/2026, 3:50:59 PM GMT+2 [Modules] Streaming discord_utils@1 to /home/beba/.config/discord/0.0.134/modules/pending/discord_utils-1.zip: 71%
5/10/2026, 3:50:59 PM GMT+2 [Modules] Streaming discord_utils@1 to /home/beba/.config/discord/0.0.134/modules/pending/discord_utils-1.zip: 72%
5/10/2026, 3:50:59 PM GMT+2 [Modules] Streaming discord_utils@1 to /home/beba/.config/discord/0.0.134/modules/pending/discord_utils-1.zip: 73%
5/10/2026, 3:50:59 PM GMT+2 [Modules] Streaming discord_utils@1 to /home/beba/.config/discord/0.0.134/modules/pending/discord_utils-1.zip: 74%
5/10/2026, 3:50:59 PM GMT+2 [Modules] Streaming discord_utils@1 to /home/beba/.config/discord/0.0.134/modules/pending/discord_utils-1.zip: 75%
5/10/2026, 3:50:59 PM GMT+2 [Modules] Streaming discord_utils@1 to /home/beba/.config/discord/0.0.134/modules/pending/discord_utils-1.zip: 76%
5/10/2026, 3:50:59 PM GMT+2 [Modules] Streaming discord_utils@1 to /home/beba/.config/discord/0.0.134/modules/pending/discord_utils-1.zip: 77%
5/10/2026, 3:50:59 PM GMT+2 [Modules] Streaming discord_utils@1 to /home/beba/.config/discord/0.0.134/modules/pending/discord_utils-1.zip: 78%
5/10/2026, 3:50:59 PM GMT+2 [Modules] Streaming discord_utils@1 to /home/beba/.config/discord/0.0.134/modules/pending/discord_utils-1.zip: 79%
5/10/2026, 3:50:59 PM GMT+2 [Modules] Streaming discord_utils@1 to /home/beba/.config/discord/0.0.134/modules/pending/discord_utils-1.zip: 80%
5/10/2026, 3:50:59 PM GMT+2 [Modules] Streaming discord_utils@1 to /home/beba/.config/discord/0.0.134/modules/pending/discord_utils-1.zip: 81%
5/10/2026, 3:50:59 PM GMT+2 [Modules] Streaming discord_utils@1 to /home/beba/.config/discord/0.0.134/modules/pending/discord_utils-1.zip: 82%
5/10/2026, 3:50:59 PM GMT+2 [Modules] Streaming discord_utils@1 to /home/beba/.config/discord/0.0.134/modules/pending/discord_utils-1.zip: 83%
5/10/2026, 3:50:59 PM GMT+2 [Modules] Streaming discord_utils@1 to /home/beba/.config/discord/0.0.134/modules/pending/discord_utils-1.zip: 84%
5/10/2026, 3:50:59 PM GMT+2 [Modules] Streaming discord_utils@1 to /home/beba/.config/discord/0.0.134/modules/pending/discord_utils-1.zip: 85%
5/10/2026, 3:50:59 PM GMT+2 [Modules] Streaming discord_utils@1 to /home/beba/.config/discord/0.0.134/modules/pending/discord_utils-1.zip: 86%
5/10/2026, 3:50:59 PM GMT+2 [Modules] Streaming discord_utils@1 to /home/beba/.config/discord/0.0.134/modules/pending/discord_utils-1.zip: 87%
5/10/2026, 3:50:59 PM GMT+2 [Modules] Streaming discord_utils@1 to /home/beba/.config/discord/0.0.134/modules/pending/discord_utils-1.zip: 88%
5/10/2026, 3:50:59 PM GMT+2 [Modules] Streaming discord_utils@1 to /home/beba/.config/discord/0.0.134/modules/pending/discord_utils-1.zip: 89%
5/10/2026, 3:50:59 PM GMT+2 [Modules] Streaming discord_utils@1 to /home/beba/.config/discord/0.0.134/modules/pending/discord_utils-1.zip: 90%
5/10/2026, 3:50:59 PM GMT+2 [Modules] Streaming discord_utils@1 to /home/beba/.config/discord/0.0.134/modules/pending/discord_utils-1.zip: 91%
5/10/2026, 3:50:59 PM GMT+2 [Modules] Streaming discord_utils@1 to /home/beba/.config/discord/0.0.134/modules/pending/discord_utils-1.zip: 92%
5/10/2026, 3:50:59 PM GMT+2 [Modules] Streaming discord_utils@1 to /home/beba/.config/discord/0.0.134/modules/pending/discord_utils-1.zip: 93%
5/10/2026, 3:50:59 PM GMT+2 [Modules] Streaming discord_utils@1 to /home/beba/.config/discord/0.0.134/modules/pending/discord_utils-1.zip: 94%
5/10/2026, 3:50:59 PM GMT+2 [Modules] Streaming discord_utils@1 to /home/beba/.config/discord/0.0.134/modules/pending/discord_utils-1.zip: 95%
5/10/2026, 3:50:59 PM GMT+2 [Modules] Streaming discord_utils@1 to /home/beba/.config/discord/0.0.134/modules/pending/discord_utils-1.zip: 96%
5/10/2026, 3:50:59 PM GMT+2 [Modules] Streaming discord_utils@1 to /home/beba/.config/discord/0.0.134/modules/pending/discord_utils-1.zip: 97%
5/10/2026, 3:50:59 PM GMT+2 [Modules] Streaming discord_utils@1 to /home/beba/.config/discord/0.0.134/modules/pending/discord_utils-1.zip: 98%
5/10/2026, 3:50:59 PM GMT+2 [Modules] Streaming discord_utils@1 to /home/beba/.config/discord/0.0.134/modules/pending/discord_utils-1.zip: 99%
5/10/2026, 3:50:59 PM GMT+2 [Modules] Streaming discord_utils@1 to /home/beba/.config/discord/0.0.134/modules/pending/discord_utils-1.zip: 100%
5/10/2026, 3:50:59 PM GMT+2 [Modules] Fetching discord_voice@1 from https://discord.com/api/modules/stable/discord_voice/1
5/10/2026, 3:50:59 PM GMT+2 [Modules] Streaming discord_voice@1 to /home/beba/.config/discord/0.0.134/modules/pending/discord_voice-1.zip
5/10/2026, 3:50:59 PM GMT+2 [Modules] Streaming discord_voice@1 to /home/beba/.config/discord/0.0.134/modules/pending/discord_voice-1.zip: 1%
5/10/2026, 3:50:59 PM GMT+2 [Modules] Streaming discord_voice@1 to /home/beba/.config/discord/0.0.134/modules/pending/discord_voice-1.zip: 2%
5/10/2026, 3:50:59 PM GMT+2 [Modules] Streaming discord_voice@1 to /home/beba/.config/discord/0.0.134/modules/pending/discord_voice-1.zip: 3%
5/10/2026, 3:50:59 PM GMT+2 [Modules] Streaming discord_voice@1 to /home/beba/.config/discord/0.0.134/modules/pending/discord_voice-1.zip: 4%
5/10/2026, 3:50:59 PM GMT+2 [Modules] Streaming discord_voice@1 to /home/beba/.config/discord/0.0.134/modules/pending/discord_voice-1.zip: 5%
5/10/2026, 3:50:59 PM GMT+2 [Modules] Streaming discord_voice@1 to /home/beba/.config/discord/0.0.134/modules/pending/discord_voice-1.zip: 6%
5/10/2026, 3:50:59 PM GMT+2 [Modules] Streaming discord_voice@1 to /home/beba/.config/discord/0.0.134/modules/pending/discord_voice-1.zip: 7%
5/10/2026, 3:50:59 PM GMT+2 [Modules] Streaming discord_voice@1 to /home/beba/.config/discord/0.0.134/modules/pending/discord_voice-1.zip: 8%
5/10/2026, 3:50:59 PM GMT+2 [Modules] Streaming discord_voice@1 to /home/beba/.config/discord/0.0.134/modules/pending/discord_voice-1.zip: 9%
5/10/2026, 3:50:59 PM GMT+2 [Modules] Streaming discord_voice@1 to /home/beba/.config/discord/0.0.134/modules/pending/discord_voice-1.zip: 10%
5/10/2026, 3:50:59 PM GMT+2 [Modules] Streaming discord_voice@1 to /home/beba/.config/discord/0.0.134/modules/pending/discord_voice-1.zip: 11%
5/10/2026, 3:50:59 PM GMT+2 [Modules] Streaming discord_voice@1 to /home/beba/.config/discord/0.0.134/modules/pending/discord_voice-1.zip: 12%
5/10/2026, 3:51:00 PM GMT+2 [Modules] Streaming discord_voice@1 to /home/beba/.config/discord/0.0.134/modules/pending/discord_voice-1.zip: 13%
5/10/2026, 3:51:00 PM GMT+2 [Modules] Streaming discord_voice@1 to /home/beba/.config/discord/0.0.134/modules/pending/discord_voice-1.zip: 14%
5/10/2026, 3:51:00 PM GMT+2 [Modules] Streaming discord_voice@1 to /home/beba/.config/discord/0.0.134/modules/pending/discord_voice-1.zip: 15%
5/10/2026, 3:51:00 PM GMT+2 [Modules] Streaming discord_voice@1 to /home/beba/.config/discord/0.0.134/modules/pending/discord_voice-1.zip: 16%
5/10/2026, 3:51:00 PM GMT+2 [Modules] Streaming discord_voice@1 to /home/beba/.config/discord/0.0.134/modules/pending/discord_voice-1.zip: 17%
5/10/2026, 3:51:00 PM GMT+2 [Modules] Streaming discord_voice@1 to /home/beba/.config/discord/0.0.134/modules/pending/discord_voice-1.zip: 18%
5/10/2026, 3:51:00 PM GMT+2 [Modules] Streaming discord_voice@1 to /home/beba/.config/discord/0.0.134/modules/pending/discord_voice-1.zip: 19%
5/10/2026, 3:51:00 PM GMT+2 [Modules] Streaming discord_voice@1 to /home/beba/.config/discord/0.0.134/modules/pending/discord_voice-1.zip: 20%
5/10/2026, 3:51:00 PM GMT+2 [Modules] Streaming discord_voice@1 to /home/beba/.config/discord/0.0.134/modules/pending/discord_voice-1.zip: 21%
5/10/2026, 3:51:00 PM GMT+2 [Modules] Streaming discord_voice@1 to /home/beba/.config/discord/0.0.134/modules/pending/discord_voice-1.zip: 22%
5/10/2026, 3:51:00 PM GMT+2 [Modules] Streaming discord_voice@1 to /home/beba/.config/discord/0.0.134/modules/pending/discord_voice-1.zip: 23%
5/10/2026, 3:51:00 PM GMT+2 [Modules] Streaming discord_voice@1 to /home/beba/.config/discord/0.0.134/modules/pending/discord_voice-1.zip: 24%
5/10/2026, 3:51:00 PM GMT+2 [Modules] Streaming discord_voice@1 to /home/beba/.config/discord/0.0.134/modules/pending/discord_voice-1.zip: 25%
5/10/2026, 3:51:00 PM GMT+2 [Modules] Streaming discord_voice@1 to /home/beba/.config/discord/0.0.134/modules/pending/discord_voice-1.zip: 26%
5/10/2026, 3:51:00 PM GMT+2 [Modules] Streaming discord_voice@1 to /home/beba/.config/discord/0.0.134/modules/pending/discord_voice-1.zip: 27%
5/10/2026, 3:51:00 PM GMT+2 [Modules] Streaming discord_voice@1 to /home/beba/.config/discord/0.0.134/modules/pending/discord_voice-1.zip: 28%
5/10/2026, 3:51:00 PM GMT+2 [Modules] Streaming discord_voice@1 to /home/beba/.config/discord/0.0.134/modules/pending/discord_voice-1.zip: 29%
5/10/2026, 3:51:00 PM GMT+2 [Modules] Streaming discord_voice@1 to /home/beba/.config/discord/0.0.134/modules/pending/discord_voice-1.zip: 30%
5/10/2026, 3:51:00 PM GMT+2 [Modules] Streaming discord_voice@1 to /home/beba/.config/discord/0.0.134/modules/pending/discord_voice-1.zip: 31%
5/10/2026, 3:51:00 PM GMT+2 [Modules] Streaming discord_voice@1 to /home/beba/.config/discord/0.0.134/modules/pending/discord_voice-1.zip: 32%
5/10/2026, 3:51:00 PM GMT+2 [Modules] Streaming discord_voice@1 to /home/beba/.config/discord/0.0.134/modules/pending/discord_voice-1.zip: 33%
5/10/2026, 3:51:00 PM GMT+2 [Modules] Streaming discord_voice@1 to /home/beba/.config/discord/0.0.134/modules/pending/discord_voice-1.zip: 34%
5/10/2026, 3:51:00 PM GMT+2 [Modules] Streaming discord_voice@1 to /home/beba/.config/discord/0.0.134/modules/pending/discord_voice-1.zip: 35%
5/10/2026, 3:51:00 PM GMT+2 [Modules] Streaming discord_voice@1 to /home/beba/.config/discord/0.0.134/modules/pending/discord_voice-1.zip: 36%
5/10/2026, 3:51:00 PM GMT+2 [Modules] Streaming discord_voice@1 to /home/beba/.config/discord/0.0.134/modules/pending/discord_voice-1.zip: 37%
5/10/2026, 3:51:00 PM GMT+2 [Modules] Streaming discord_voice@1 to /home/beba/.config/discord/0.0.134/modules/pending/discord_voice-1.zip: 38%
5/10/2026, 3:51:00 PM GMT+2 [Modules] Streaming discord_voice@1 to /home/beba/.config/discord/0.0.134/modules/pending/discord_voice-1.zip: 39%
5/10/2026, 3:51:00 PM GMT+2 [Modules] Streaming discord_voice@1 to /home/beba/.config/discord/0.0.134/modules/pending/discord_voice-1.zip: 40%
5/10/2026, 3:51:00 PM GMT+2 [Modules] Streaming discord_voice@1 to /home/beba/.config/discord/0.0.134/modules/pending/discord_voice-1.zip: 41%
5/10/2026, 3:51:00 PM GMT+2 [Modules] Streaming discord_voice@1 to /home/beba/.config/discord/0.0.134/modules/pending/discord_voice-1.zip: 42%
5/10/2026, 3:51:00 PM GMT+2 [Modules] Streaming discord_voice@1 to /home/beba/.config/discord/0.0.134/modules/pending/discord_voice-1.zip: 43%
5/10/2026, 3:51:00 PM GMT+2 [Modules] Streaming discord_voice@1 to /home/beba/.config/discord/0.0.134/modules/pending/discord_voice-1.zip: 44%
5/10/2026, 3:51:00 PM GMT+2 [Modules] Streaming discord_voice@1 to /home/beba/.config/discord/0.0.134/modules/pending/discord_voice-1.zip: 45%
5/10/2026, 3:51:00 PM GMT+2 [Modules] Streaming discord_voice@1 to /home/beba/.config/discord/0.0.134/modules/pending/discord_voice-1.zip: 46%
5/10/2026, 3:51:00 PM GMT+2 [Modules] Streaming discord_voice@1 to /home/beba/.config/discord/0.0.134/modules/pending/discord_voice-1.zip: 47%
5/10/2026, 3:51:00 PM GMT+2 [Modules] Streaming discord_voice@1 to /home/beba/.config/discord/0.0.134/modules/pending/discord_voice-1.zip: 48%
5/10/2026, 3:51:00 PM GMT+2 [Modules] Streaming discord_voice@1 to /home/beba/.config/discord/0.0.134/modules/pending/discord_voice-1.zip: 49%
5/10/2026, 3:51:00 PM GMT+2 [Modules] Streaming discord_voice@1 to /home/beba/.config/discord/0.0.134/modules/pending/discord_voice-1.zip: 50%
5/10/2026, 3:51:00 PM GMT+2 [Modules] Streaming discord_voice@1 to /home/beba/.config/discord/0.0.134/modules/pending/discord_voice-1.zip: 51%
5/10/2026, 3:51:00 PM GMT+2 [Modules] Streaming discord_voice@1 to /home/beba/.config/discord/0.0.134/modules/pending/discord_voice-1.zip: 52%
5/10/2026, 3:51:00 PM GMT+2 [Modules] Streaming discord_voice@1 to /home/beba/.config/discord/0.0.134/modules/pending/discord_voice-1.zip: 53%
5/10/2026, 3:51:00 PM GMT+2 [Modules] Streaming discord_voice@1 to /home/beba/.config/discord/0.0.134/modules/pending/discord_voice-1.zip: 54%
5/10/2026, 3:51:00 PM GMT+2 [Modules] Streaming discord_voice@1 to /home/beba/.config/discord/0.0.134/modules/pending/discord_voice-1.zip: 55%
5/10/2026, 3:51:00 PM GMT+2 [Modules] Streaming discord_voice@1 to /home/beba/.config/discord/0.0.134/modules/pending/discord_voice-1.zip: 56%
5/10/2026, 3:51:00 PM GMT+2 [Modules] Streaming discord_voice@1 to /home/beba/.config/discord/0.0.134/modules/pending/discord_voice-1.zip: 57%
5/10/2026, 3:51:00 PM GMT+2 [Modules] Streaming discord_voice@1 to /home/beba/.config/discord/0.0.134/modules/pending/discord_voice-1.zip: 58%
5/10/2026, 3:51:00 PM GMT+2 [Modules] Streaming discord_voice@1 to /home/beba/.config/discord/0.0.134/modules/pending/discord_voice-1.zip: 59%
5/10/2026, 3:51:00 PM GMT+2 [Modules] Streaming discord_voice@1 to /home/beba/.config/discord/0.0.134/modules/pending/discord_voice-1.zip: 60%
5/10/2026, 3:51:00 PM GMT+2 [Modules] Streaming discord_voice@1 to /home/beba/.config/discord/0.0.134/modules/pending/discord_voice-1.zip: 61%
5/10/2026, 3:51:00 PM GMT+2 [Modules] Streaming discord_voice@1 to /home/beba/.config/discord/0.0.134/modules/pending/discord_voice-1.zip: 62%
5/10/2026, 3:51:00 PM GMT+2 [Modules] Streaming discord_voice@1 to /home/beba/.config/discord/0.0.134/modules/pending/discord_voice-1.zip: 63%
5/10/2026, 3:51:00 PM GMT+2 [Modules] Streaming discord_voice@1 to /home/beba/.config/discord/0.0.134/modules/pending/discord_voice-1.zip: 64%
5/10/2026, 3:51:00 PM GMT+2 [Modules] Streaming discord_voice@1 to /home/beba/.config/discord/0.0.134/modules/pending/discord_voice-1.zip: 65%
5/10/2026, 3:51:00 PM GMT+2 [Modules] Streaming discord_voice@1 to /home/beba/.config/discord/0.0.134/modules/pending/discord_voice-1.zip: 66%
5/10/2026, 3:51:00 PM GMT+2 [Modules] Streaming discord_voice@1 to /home/beba/.config/discord/0.0.134/modules/pending/discord_voice-1.zip: 67%
5/10/2026, 3:51:00 PM GMT+2 [Modules] Streaming discord_voice@1 to /home/beba/.config/discord/0.0.134/modules/pending/discord_voice-1.zip: 68%
5/10/2026, 3:51:00 PM GMT+2 [Modules] Streaming discord_voice@1 to /home/beba/.config/discord/0.0.134/modules/pending/discord_voice-1.zip: 69%
5/10/2026, 3:51:00 PM GMT+2 [Modules] Streaming discord_voice@1 to /home/beba/.config/discord/0.0.134/modules/pending/discord_voice-1.zip: 70%
5/10/2026, 3:51:00 PM GMT+2 [Modules] Streaming discord_voice@1 to /home/beba/.config/discord/0.0.134/modules/pending/discord_voice-1.zip: 71%
5/10/2026, 3:51:00 PM GMT+2 [Modules] Streaming discord_voice@1 to /home/beba/.config/discord/0.0.134/modules/pending/discord_voice-1.zip: 72%
5/10/2026, 3:51:00 PM GMT+2 [Modules] Streaming discord_voice@1 to /home/beba/.config/discord/0.0.134/modules/pending/discord_voice-1.zip: 73%
5/10/2026, 3:51:00 PM GMT+2 [Modules] Streaming discord_voice@1 to /home/beba/.config/discord/0.0.134/modules/pending/discord_voice-1.zip: 74%
5/10/2026, 3:51:00 PM GMT+2 [Modules] Streaming discord_voice@1 to /home/beba/.config/discord/0.0.134/modules/pending/discord_voice-1.zip: 75%
5/10/2026, 3:51:00 PM GMT+2 [Modules] Streaming discord_voice@1 to /home/beba/.config/discord/0.0.134/modules/pending/discord_voice-1.zip: 76%
5/10/2026, 3:51:00 PM GMT+2 [Modules] Streaming discord_voice@1 to /home/beba/.config/discord/0.0.134/modules/pending/discord_voice-1.zip: 77%
5/10/2026, 3:51:00 PM GMT+2 [Modules] Streaming discord_voice@1 to /home/beba/.config/discord/0.0.134/modules/pending/discord_voice-1.zip: 78%
5/10/2026, 3:51:00 PM GMT+2 [Modules] Streaming discord_voice@1 to /home/beba/.config/discord/0.0.134/modules/pending/discord_voice-1.zip: 79%
5/10/2026, 3:51:00 PM GMT+2 [Modules] Streaming discord_voice@1 to /home/beba/.config/discord/0.0.134/modules/pending/discord_voice-1.zip: 80%
5/10/2026, 3:51:00 PM GMT+2 [Modules] Streaming discord_voice@1 to /home/beba/.config/discord/0.0.134/modules/pending/discord_voice-1.zip: 81%
5/10/2026, 3:51:00 PM GMT+2 [Modules] Streaming discord_voice@1 to /home/beba/.config/discord/0.0.134/modules/pending/discord_voice-1.zip: 82%
5/10/2026, 3:51:00 PM GMT+2 [Modules] Streaming discord_voice@1 to /home/beba/.config/discord/0.0.134/modules/pending/discord_voice-1.zip: 83%
5/10/2026, 3:51:00 PM GMT+2 [Modules] Streaming discord_voice@1 to /home/beba/.config/discord/0.0.134/modules/pending/discord_voice-1.zip: 84%
5/10/2026, 3:51:00 PM GMT+2 [Modules] Streaming discord_voice@1 to /home/beba/.config/discord/0.0.134/modules/pending/discord_voice-1.zip: 85%
5/10/2026, 3:51:00 PM GMT+2 [Modules] Streaming discord_voice@1 to /home/beba/.config/discord/0.0.134/modules/pending/discord_voice-1.zip: 86%
5/10/2026, 3:51:00 PM GMT+2 [Modules] Streaming discord_voice@1 to /home/beba/.config/discord/0.0.134/modules/pending/discord_voice-1.zip: 87%
5/10/2026, 3:51:00 PM GMT+2 [Modules] Streaming discord_voice@1 to /home/beba/.config/discord/0.0.134/modules/pending/discord_voice-1.zip: 88%
5/10/2026, 3:51:00 PM GMT+2 [Modules] Streaming discord_voice@1 to /home/beba/.config/discord/0.0.134/modules/pending/discord_voice-1.zip: 89%
5/10/2026, 3:51:00 PM GMT+2 [Modules] Streaming discord_voice@1 to /home/beba/.config/discord/0.0.134/modules/pending/discord_voice-1.zip: 90%
5/10/2026, 3:51:00 PM GMT+2 [Modules] Streaming discord_voice@1 to /home/beba/.config/discord/0.0.134/modules/pending/discord_voice-1.zip: 91%
5/10/2026, 3:51:00 PM GMT+2 [Modules] Streaming discord_voice@1 to /home/beba/.config/discord/0.0.134/modules/pending/discord_voice-1.zip: 92%
5/10/2026, 3:51:00 PM GMT+2 [Modules] Streaming discord_voice@1 to /home/beba/.config/discord/0.0.134/modules/pending/discord_voice-1.zip: 93%
5/10/2026, 3:51:00 PM GMT+2 [Modules] Streaming discord_voice@1 to /home/beba/.config/discord/0.0.134/modules/pending/discord_voice-1.zip: 94%
5/10/2026, 3:51:01 PM GMT+2 [Modules] Streaming discord_voice@1 to /home/beba/.config/discord/0.0.134/modules/pending/discord_voice-1.zip: 95%
5/10/2026, 3:51:01 PM GMT+2 [Modules] Streaming discord_voice@1 to /home/beba/.config/discord/0.0.134/modules/pending/discord_voice-1.zip: 96%
5/10/2026, 3:51:01 PM GMT+2 [Modules] Streaming discord_voice@1 to /home/beba/.config/discord/0.0.134/modules/pending/discord_voice-1.zip: 97%
5/10/2026, 3:51:01 PM GMT+2 [Modules] Streaming discord_voice@1 to /home/beba/.config/discord/0.0.134/modules/pending/discord_voice-1.zip: 98%
5/10/2026, 3:51:01 PM GMT+2 [Modules] Streaming discord_voice@1 to /home/beba/.config/discord/0.0.134/modules/pending/discord_voice-1.zip: 99%
5/10/2026, 3:51:01 PM GMT+2 [Modules] Streaming discord_voice@1 to /home/beba/.config/discord/0.0.134/modules/pending/discord_voice-1.zip: 100%
5/10/2026, 3:51:01 PM GMT+2 [Modules] Fetching discord_zstd@1 from https://discord.com/api/modules/stable/discord_zstd/1
5/10/2026, 3:51:01 PM GMT+2 [Modules] Streaming discord_zstd@1 to /home/beba/.config/discord/0.0.134/modules/pending/discord_zstd-1.zip
5/10/2026, 3:51:01 PM GMT+2 [Modules] Streaming discord_zstd@1 to /home/beba/.config/discord/0.0.134/modules/pending/discord_zstd-1.zip: 10%
5/10/2026, 3:51:01 PM GMT+2 [Modules] Streaming discord_zstd@1 to /home/beba/.config/discord/0.0.134/modules/pending/discord_zstd-1.zip: 28%
5/10/2026, 3:51:01 PM GMT+2 [Modules] Streaming discord_zstd@1 to /home/beba/.config/discord/0.0.134/modules/pending/discord_zstd-1.zip: 40%
5/10/2026, 3:51:01 PM GMT+2 [Modules] Streaming discord_zstd@1 to /home/beba/.config/discord/0.0.134/modules/pending/discord_zstd-1.zip: 52%
5/10/2026, 3:51:01 PM GMT+2 [Modules] Streaming discord_zstd@1 to /home/beba/.config/discord/0.0.134/modules/pending/discord_zstd-1.zip: 62%
5/10/2026, 3:51:01 PM GMT+2 [Modules] Streaming discord_zstd@1 to /home/beba/.config/discord/0.0.134/modules/pending/discord_zstd-1.zip: 70%
5/10/2026, 3:51:01 PM GMT+2 [Modules] Streaming discord_zstd@1 to /home/beba/.config/discord/0.0.134/modules/pending/discord_zstd-1.zip: 78%
5/10/2026, 3:51:01 PM GMT+2 [Modules] Streaming discord_zstd@1 to /home/beba/.config/discord/0.0.134/modules/pending/discord_zstd-1.zip: 91%
5/10/2026, 3:51:01 PM GMT+2 [Modules] Streaming discord_zstd@1 to /home/beba/.config/discord/0.0.134/modules/pending/discord_zstd-1.zip: 100%
5/10/2026, 3:51:01 PM GMT+2 [Modules] Finished module downloads. [success: 6] [failure: 0]
5/10/2026, 3:51:01 PM GMT+2 [Modules] Installing updates...
5/10/2026, 3:51:01 PM GMT+2 [Modules] Installing discord_desktop_core@1 from /home/beba/.config/discord/0.0.134/modules/pending/discord_desktop_core-1.zip
5/10/2026, 3:51:01 PM GMT+2 [Modules] Installing discord_erlpack@1 from /home/beba/.config/discord/0.0.134/modules/pending/discord_erlpack-1.zip
5/10/2026, 3:51:01 PM GMT+2 [Modules] Installing discord_spellcheck@1 from /home/beba/.config/discord/0.0.134/modules/pending/discord_spellcheck-1.zip
5/10/2026, 3:51:01 PM GMT+2 [Modules] Installing discord_utils@1 from /home/beba/.config/discord/0.0.134/modules/pending/discord_utils-1.zip
5/10/2026, 3:51:01 PM GMT+2 [Modules] Installing discord_voice@1 from /home/beba/.config/discord/0.0.134/modules/pending/discord_voice-1.zip
5/10/2026, 3:51:02 PM GMT+2 [Modules] Installing discord_zstd@1 from /home/beba/.config/discord/0.0.134/modules/pending/discord_zstd-1.zip
5/10/2026, 3:51:02 PM GMT+2 [Modules] Finished module installations. [success: 6] [failure: 0]
5/10/2026, 3:51:02 PM GMT+2 [Modules] Host is up to date.
5/10/2026, 3:51:02 PM GMT+2 [Modules] Checking for module updates at https://discord.com/api/modules/stable/versions.json
5/10/2026, 3:51:02 PM GMT+2 [Modules] No module updates available.
5/10/2026, 3:51:03 PM GMT+2 [Modules] Starting to install discord_krisp...
5/10/2026, 3:51:03 PM GMT+2 [Modules] Fetching discord_krisp@2 from https://discord.com/api/modules/stable/discord_krisp/2
5/10/2026, 3:51:03 PM GMT+2 [Modules] Streaming discord_krisp@2 to /home/beba/.config/discord/0.0.134/modules/pending/discord_krisp-2.zip
5/10/2026, 3:51:03 PM GMT+2 [Modules] Starting to install discord_game_utils...
5/10/2026, 3:51:03 PM GMT+2 [Modules] Starting to install discord_rpc...
5/10/2026, 3:51:04 PM GMT+2 [Modules] Streaming discord_krisp@2 to /home/beba/.config/discord/0.0.134/modules/pending/discord_krisp-2.zip: 1%
5/10/2026, 3:51:04 PM GMT+2 [Modules] Streaming discord_krisp@2 to /home/beba/.config/discord/0.0.134/modules/pending/discord_krisp-2.zip: 3%
5/10/2026, 3:51:04 PM GMT+2 [Modules] Streaming discord_krisp@2 to /home/beba/.config/discord/0.0.134/modules/pending/discord_krisp-2.zip: 4%
5/10/2026, 3:51:04 PM GMT+2 [Modules] Streaming discord_krisp@2 to /home/beba/.config/discord/0.0.134/modules/pending/discord_krisp-2.zip: 5%
5/10/2026, 3:51:04 PM GMT+2 [Modules] Streaming discord_krisp@2 to /home/beba/.config/discord/0.0.134/modules/pending/discord_krisp-2.zip: 6%
5/10/2026, 3:51:04 PM GMT+2 [Modules] Streaming discord_krisp@2 to /home/beba/.config/discord/0.0.134/modules/pending/discord_krisp-2.zip: 7%
5/10/2026, 3:51:04 PM GMT+2 [Modules] Streaming discord_krisp@2 to /home/beba/.config/discord/0.0.134/modules/pending/discord_krisp-2.zip: 8%
5/10/2026, 3:51:04 PM GMT+2 [Modules] Streaming discord_krisp@2 to /home/beba/.config/discord/0.0.134/modules/pending/discord_krisp-2.zip: 9%
5/10/2026, 3:51:04 PM GMT+2 [Modules] Streaming discord_krisp@2 to /home/beba/.config/discord/0.0.134/modules/pending/discord_krisp-2.zip: 10%
5/10/2026, 3:51:04 PM GMT+2 [Modules] Streaming discord_krisp@2 to /home/beba/.config/discord/0.0.134/modules/pending/discord_krisp-2.zip: 11%
5/10/2026, 3:51:04 PM GMT+2 [Modules] Streaming discord_krisp@2 to /home/beba/.config/discord/0.0.134/modules/pending/discord_krisp-2.zip: 12%
5/10/2026, 3:51:04 PM GMT+2 [Modules] Streaming discord_krisp@2 to /home/beba/.config/discord/0.0.134/modules/pending/discord_krisp-2.zip: 13%
5/10/2026, 3:51:04 PM GMT+2 [Modules] Streaming discord_krisp@2 to /home/beba/.config/discord/0.0.134/modules/pending/discord_krisp-2.zip: 14%
5/10/2026, 3:51:04 PM GMT+2 [Modules] Streaming discord_krisp@2 to /home/beba/.config/discord/0.0.134/modules/pending/discord_krisp-2.zip: 15%
5/10/2026, 3:51:04 PM GMT+2 [Modules] Streaming discord_krisp@2 to /home/beba/.config/discord/0.0.134/modules/pending/discord_krisp-2.zip: 16%
5/10/2026, 3:51:04 PM GMT+2 [Modules] Streaming discord_krisp@2 to /home/beba/.config/discord/0.0.134/modules/pending/discord_krisp-2.zip: 17%
5/10/2026, 3:51:04 PM GMT+2 [Modules] Streaming discord_krisp@2 to /home/beba/.config/discord/0.0.134/modules/pending/discord_krisp-2.zip: 18%
5/10/2026, 3:51:04 PM GMT+2 [Modules] Streaming discord_krisp@2 to /home/beba/.config/discord/0.0.134/modules/pending/discord_krisp-2.zip: 19%
5/10/2026, 3:51:04 PM GMT+2 [Modules] Streaming discord_krisp@2 to /home/beba/.config/discord/0.0.134/modules/pending/discord_krisp-2.zip: 20%
5/10/2026, 3:51:05 PM GMT+2 [Modules] Streaming discord_krisp@2 to /home/beba/.config/discord/0.0.134/modules/pending/discord_krisp-2.zip: 21%
5/10/2026, 3:51:05 PM GMT+2 [Modules] Streaming discord_krisp@2 to /home/beba/.config/discord/0.0.134/modules/pending/discord_krisp-2.zip: 22%
5/10/2026, 3:51:05 PM GMT+2 [Modules] Streaming discord_krisp@2 to /home/beba/.config/discord/0.0.134/modules/pending/discord_krisp-2.zip: 23%
5/10/2026, 3:51:06 PM GMT+2 [Modules] Streaming discord_krisp@2 to /home/beba/.config/discord/0.0.134/modules/pending/discord_krisp-2.zip: 24%
5/10/2026, 3:51:06 PM GMT+2 [Modules] Streaming discord_krisp@2 to /home/beba/.config/discord/0.0.134/modules/pending/discord_krisp-2.zip: 25%
5/10/2026, 3:51:06 PM GMT+2 [Modules] Streaming discord_krisp@2 to /home/beba/.config/discord/0.0.134/modules/pending/discord_krisp-2.zip: 26%
5/10/2026, 3:51:06 PM GMT+2 [Modules] Streaming discord_krisp@2 to /home/beba/.config/discord/0.0.134/modules/pending/discord_krisp-2.zip: 27%
5/10/2026, 3:51:06 PM GMT+2 [Modules] Streaming discord_krisp@2 to /home/beba/.config/discord/0.0.134/modules/pending/discord_krisp-2.zip: 28%
5/10/2026, 3:51:06 PM GMT+2 [Modules] Streaming discord_krisp@2 to /home/beba/.config/discord/0.0.134/modules/pending/discord_krisp-2.zip: 29%
5/10/2026, 3:51:06 PM GMT+2 [Modules] Streaming discord_krisp@2 to /home/beba/.config/discord/0.0.134/modules/pending/discord_krisp-2.zip: 30%
5/10/2026, 3:51:06 PM GMT+2 [Modules] Streaming discord_krisp@2 to /home/beba/.config/discord/0.0.134/modules/pending/discord_krisp-2.zip: 31%
5/10/2026, 3:51:06 PM GMT+2 [Modules] Streaming discord_krisp@2 to /home/beba/.config/discord/0.0.134/modules/pending/discord_krisp-2.zip: 32%
5/10/2026, 3:51:06 PM GMT+2 [Modules] Streaming discord_krisp@2 to /home/beba/.config/discord/0.0.134/modules/pending/discord_krisp-2.zip: 33%
5/10/2026, 3:51:06 PM GMT+2 [Modules] Streaming discord_krisp@2 to /home/beba/.config/discord/0.0.134/modules/pending/discord_krisp-2.zip: 34%
5/10/2026, 3:51:06 PM GMT+2 [Modules] Streaming discord_krisp@2 to /home/beba/.config/discord/0.0.134/modules/pending/discord_krisp-2.zip: 35%
5/10/2026, 3:51:06 PM GMT+2 [Modules] Streaming discord_krisp@2 to /home/beba/.config/discord/0.0.134/modules/pending/discord_krisp-2.zip: 36%
5/10/2026, 3:51:06 PM GMT+2 [Modules] Streaming discord_krisp@2 to /home/beba/.config/discord/0.0.134/modules/pending/discord_krisp-2.zip: 37%
5/10/2026, 3:51:06 PM GMT+2 [Modules] Streaming discord_krisp@2 to /home/beba/.config/discord/0.0.134/modules/pending/discord_krisp-2.zip: 38%
5/10/2026, 3:51:06 PM GMT+2 [Modules] Streaming discord_krisp@2 to /home/beba/.config/discord/0.0.134/modules/pending/discord_krisp-2.zip: 39%
5/10/2026, 3:51:06 PM GMT+2 [Modules] Streaming discord_krisp@2 to /home/beba/.config/discord/0.0.134/modules/pending/discord_krisp-2.zip: 40%
5/10/2026, 3:51:06 PM GMT+2 [Modules] Streaming discord_krisp@2 to /home/beba/.config/discord/0.0.134/modules/pending/discord_krisp-2.zip: 41%
5/10/2026, 3:51:06 PM GMT+2 [Modules] Streaming discord_krisp@2 to /home/beba/.config/discord/0.0.134/modules/pending/discord_krisp-2.zip: 42%
5/10/2026, 3:51:06 PM GMT+2 [Modules] Streaming discord_krisp@2 to /home/beba/.config/discord/0.0.134/modules/pending/discord_krisp-2.zip: 43%
5/10/2026, 3:51:06 PM GMT+2 [Modules] Streaming discord_krisp@2 to /home/beba/.config/discord/0.0.134/modules/pending/discord_krisp-2.zip: 44%
5/10/2026, 3:51:06 PM GMT+2 [Modules] Streaming discord_krisp@2 to /home/beba/.config/discord/0.0.134/modules/pending/discord_krisp-2.zip: 45%
5/10/2026, 3:51:06 PM GMT+2 [Modules] Streaming discord_krisp@2 to /home/beba/.config/discord/0.0.134/modules/pending/discord_krisp-2.zip: 46%
5/10/2026, 3:51:06 PM GMT+2 [Modules] Streaming discord_krisp@2 to /home/beba/.config/discord/0.0.134/modules/pending/discord_krisp-2.zip: 47%
5/10/2026, 3:51:06 PM GMT+2 [Modules] Streaming discord_krisp@2 to /home/beba/.config/discord/0.0.134/modules/pending/discord_krisp-2.zip: 48%
5/10/2026, 3:51:06 PM GMT+2 [Modules] Streaming discord_krisp@2 to /home/beba/.config/discord/0.0.134/modules/pending/discord_krisp-2.zip: 49%
5/10/2026, 3:51:06 PM GMT+2 [Modules] Streaming discord_krisp@2 to /home/beba/.config/discord/0.0.134/modules/pending/discord_krisp-2.zip: 50%
5/10/2026, 3:51:06 PM GMT+2 [Modules] Streaming discord_krisp@2 to /home/beba/.config/discord/0.0.134/modules/pending/discord_krisp-2.zip: 51%
5/10/2026, 3:51:06 PM GMT+2 [Modules] Streaming discord_krisp@2 to /home/beba/.config/discord/0.0.134/modules/pending/discord_krisp-2.zip: 52%
5/10/2026, 3:51:06 PM GMT+2 [Modules] Streaming discord_krisp@2 to /home/beba/.config/discord/0.0.134/modules/pending/discord_krisp-2.zip: 53%
5/10/2026, 3:51:06 PM GMT+2 [Modules] Streaming discord_krisp@2 to /home/beba/.config/discord/0.0.134/modules/pending/discord_krisp-2.zip: 54%
5/10/2026, 3:51:06 PM GMT+2 [Modules] Streaming discord_krisp@2 to /home/beba/.config/discord/0.0.134/modules/pending/discord_krisp-2.zip: 55%
5/10/2026, 3:51:07 PM GMT+2 [Modules] Streaming discord_krisp@2 to /home/beba/.config/discord/0.0.134/modules/pending/discord_krisp-2.zip: 56%
5/10/2026, 3:51:07 PM GMT+2 [Modules] Streaming discord_krisp@2 to /home/beba/.config/discord/0.0.134/modules/pending/discord_krisp-2.zip: 57%
5/10/2026, 3:51:07 PM GMT+2 [Modules] Streaming discord_krisp@2 to /home/beba/.config/discord/0.0.134/modules/pending/discord_krisp-2.zip: 58%
5/10/2026, 3:51:07 PM GMT+2 [Modules] Streaming discord_krisp@2 to /home/beba/.config/discord/0.0.134/modules/pending/discord_krisp-2.zip: 59%
5/10/2026, 3:51:07 PM GMT+2 [Modules] Streaming discord_krisp@2 to /home/beba/.config/discord/0.0.134/modules/pending/discord_krisp-2.zip: 60%
5/10/2026, 3:51:07 PM GMT+2 [Modules] Streaming discord_krisp@2 to /home/beba/.config/discord/0.0.134/modules/pending/discord_krisp-2.zip: 61%
5/10/2026, 3:51:07 PM GMT+2 [Modules] Streaming discord_krisp@2 to /home/beba/.config/discord/0.0.134/modules/pending/discord_krisp-2.zip: 62%
5/10/2026, 3:51:07 PM GMT+2 [Modules] Streaming discord_krisp@2 to /home/beba/.config/discord/0.0.134/modules/pending/discord_krisp-2.zip: 63%
5/10/2026, 3:51:07 PM GMT+2 [Modules] Streaming discord_krisp@2 to /home/beba/.config/discord/0.0.134/modules/pending/discord_krisp-2.zip: 64%
5/10/2026, 3:51:07 PM GMT+2 [Modules] Streaming discord_krisp@2 to /home/beba/.config/discord/0.0.134/modules/pending/discord_krisp-2.zip: 65%
5/10/2026, 3:51:07 PM GMT+2 [Modules] Streaming discord_krisp@2 to /home/beba/.config/discord/0.0.134/modules/pending/discord_krisp-2.zip: 66%
5/10/2026, 3:51:07 PM GMT+2 [Modules] Streaming discord_krisp@2 to /home/beba/.config/discord/0.0.134/modules/pending/discord_krisp-2.zip: 67%
5/10/2026, 3:51:07 PM GMT+2 [Modules] Streaming discord_krisp@2 to /home/beba/.config/discord/0.0.134/modules/pending/discord_krisp-2.zip: 68%
5/10/2026, 3:51:07 PM GMT+2 [Modules] Streaming discord_krisp@2 to /home/beba/.config/discord/0.0.134/modules/pending/discord_krisp-2.zip: 69%
5/10/2026, 3:51:08 PM GMT+2 [Modules] Streaming discord_krisp@2 to /home/beba/.config/discord/0.0.134/modules/pending/discord_krisp-2.zip: 70%
5/10/2026, 3:51:08 PM GMT+2 [Modules] Streaming discord_krisp@2 to /home/beba/.config/discord/0.0.134/modules/pending/discord_krisp-2.zip: 71%
5/10/2026, 3:51:08 PM GMT+2 [Modules] Streaming discord_krisp@2 to /home/beba/.config/discord/0.0.134/modules/pending/discord_krisp-2.zip: 72%
5/10/2026, 3:51:08 PM GMT+2 [Modules] Streaming discord_krisp@2 to /home/beba/.config/discord/0.0.134/modules/pending/discord_krisp-2.zip: 73%
5/10/2026, 3:51:08 PM GMT+2 [Modules] Streaming discord_krisp@2 to /home/beba/.config/discord/0.0.134/modules/pending/discord_krisp-2.zip: 74%
5/10/2026, 3:51:08 PM GMT+2 [Modules] Streaming discord_krisp@2 to /home/beba/.config/discord/0.0.134/modules/pending/discord_krisp-2.zip: 75%
5/10/2026, 3:51:08 PM GMT+2 [Modules] Streaming discord_krisp@2 to /home/beba/.config/discord/0.0.134/modules/pending/discord_krisp-2.zip: 76%
5/10/2026, 3:51:08 PM GMT+2 [Modules] Streaming discord_krisp@2 to /home/beba/.config/discord/0.0.134/modules/pending/discord_krisp-2.zip: 77%
5/10/2026, 3:51:08 PM GMT+2 [Modules] Streaming discord_krisp@2 to /home/beba/.config/discord/0.0.134/modules/pending/discord_krisp-2.zip: 78%
5/10/2026, 3:51:08 PM GMT+2 [Modules] Streaming discord_krisp@2 to /home/beba/.config/discord/0.0.134/modules/pending/discord_krisp-2.zip: 79%
5/10/2026, 3:51:08 PM GMT+2 [Modules] Streaming discord_krisp@2 to /home/beba/.config/discord/0.0.134/modules/pending/discord_krisp-2.zip: 80%
5/10/2026, 3:51:08 PM GMT+2 [Modules] Streaming discord_krisp@2 to /home/beba/.config/discord/0.0.134/modules/pending/discord_krisp-2.zip: 81%
5/10/2026, 3:51:08 PM GMT+2 [Modules] Streaming discord_krisp@2 to /home/beba/.config/discord/0.0.134/modules/pending/discord_krisp-2.zip: 82%
5/10/2026, 3:51:08 PM GMT+2 [Modules] Streaming discord_krisp@2 to /home/beba/.config/discord/0.0.134/modules/pending/discord_krisp-2.zip: 83%
5/10/2026, 3:51:08 PM GMT+2 [Modules] Streaming discord_krisp@2 to /home/beba/.config/discord/0.0.134/modules/pending/discord_krisp-2.zip: 84%
5/10/2026, 3:51:08 PM GMT+2 [Modules] Streaming discord_krisp@2 to /home/beba/.config/discord/0.0.134/modules/pending/discord_krisp-2.zip: 85%
5/10/2026, 3:51:08 PM GMT+2 [Modules] Streaming discord_krisp@2 to /home/beba/.config/discord/0.0.134/modules/pending/discord_krisp-2.zip: 86%
5/10/2026, 3:51:08 PM GMT+2 [Modules] Streaming discord_krisp@2 to /home/beba/.config/discord/0.0.134/modules/pending/discord_krisp-2.zip: 87%
5/10/2026, 3:51:08 PM GMT+2 [Modules] Streaming discord_krisp@2 to /home/beba/.config/discord/0.0.134/modules/pending/discord_krisp-2.zip: 88%
5/10/2026, 3:51:08 PM GMT+2 [Modules] Streaming discord_krisp@2 to /home/beba/.config/discord/0.0.134/modules/pending/discord_krisp-2.zip: 89%
5/10/2026, 3:51:08 PM GMT+2 [Modules] Streaming discord_krisp@2 to /home/beba/.config/discord/0.0.134/modules/pending/discord_krisp-2.zip: 90%
5/10/2026, 3:51:08 PM GMT+2 [Modules] Streaming discord_krisp@2 to /home/beba/.config/discord/0.0.134/modules/pending/discord_krisp-2.zip: 91%
5/10/2026, 3:51:08 PM GMT+2 [Modules] Streaming discord_krisp@2 to /home/beba/.config/discord/0.0.134/modules/pending/discord_krisp-2.zip: 92%
5/10/2026, 3:51:08 PM GMT+2 [Modules] Streaming discord_krisp@2 to /home/beba/.config/discord/0.0.134/modules/pending/discord_krisp-2.zip: 93%
5/10/2026, 3:51:08 PM GMT+2 [Modules] Streaming discord_krisp@2 to /home/beba/.config/discord/0.0.134/modules/pending/discord_krisp-2.zip: 94%
5/10/2026, 3:51:08 PM GMT+2 [Modules] Streaming discord_krisp@2 to /home/beba/.config/discord/0.0.134/modules/pending/discord_krisp-2.zip: 95%
5/10/2026, 3:51:08 PM GMT+2 [Modules] Streaming discord_krisp@2 to /home/beba/.config/discord/0.0.134/modules/pending/discord_krisp-2.zip: 96%
5/10/2026, 3:51:08 PM GMT+2 [Modules] Streaming discord_krisp@2 to /home/beba/.config/discord/0.0.134/modules/pending/discord_krisp-2.zip: 97%
5/10/2026, 3:51:08 PM GMT+2 [Modules] Streaming discord_krisp@2 to /home/beba/.config/discord/0.0.134/modules/pending/discord_krisp-2.zip: 98%
5/10/2026, 3:51:08 PM GMT+2 [Modules] Streaming discord_krisp@2 to /home/beba/.config/discord/0.0.134/modules/pending/discord_krisp-2.zip: 99%
5/10/2026, 3:51:08 PM GMT+2 [Modules] Streaming discord_krisp@2 to /home/beba/.config/discord/0.0.134/modules/pending/discord_krisp-2.zip: 100%
5/10/2026, 3:51:08 PM GMT+2 [Modules] Fetching discord_game_utils@1 from https://discord.com/api/modules/stable/discord_game_utils/1
5/10/2026, 3:51:08 PM GMT+2 [Modules] Streaming discord_game_utils@1 to /home/beba/.config/discord/0.0.134/modules/pending/discord_game_utils-1.zip
5/10/2026, 3:51:08 PM GMT+2 [Modules] Installing discord_krisp@2 from /home/beba/.config/discord/0.0.134/modules/pending/discord_krisp-2.zip
5/10/2026, 3:51:08 PM GMT+2 [Modules] Finished module installations. [success: 1] [failure: 0]
5/10/2026, 3:51:08 PM GMT+2 [Modules] Streaming discord_game_utils@1 to /home/beba/.config/discord/0.0.134/modules/pending/discord_game_utils-1.zip: 1%
5/10/2026, 3:51:08 PM GMT+2 [Modules] Streaming discord_game_utils@1 to /home/beba/.config/discord/0.0.134/modules/pending/discord_game_utils-1.zip: 3%
5/10/2026, 3:51:08 PM GMT+2 [Modules] Streaming discord_game_utils@1 to /home/beba/.config/discord/0.0.134/modules/pending/discord_game_utils-1.zip: 4%
5/10/2026, 3:51:08 PM GMT+2 [Modules] Streaming discord_game_utils@1 to /home/beba/.config/discord/0.0.134/modules/pending/discord_game_utils-1.zip: 5%
5/10/2026, 3:51:08 PM GMT+2 [Modules] Streaming discord_game_utils@1 to /home/beba/.config/discord/0.0.134/modules/pending/discord_game_utils-1.zip: 6%
5/10/2026, 3:51:08 PM GMT+2 [Modules] Streaming discord_game_utils@1 to /home/beba/.config/discord/0.0.134/modules/pending/discord_game_utils-1.zip: 7%
5/10/2026, 3:51:08 PM GMT+2 [Modules] Streaming discord_game_utils@1 to /home/beba/.config/discord/0.0.134/modules/pending/discord_game_utils-1.zip: 8%
5/10/2026, 3:51:08 PM GMT+2 [Modules] Streaming discord_game_utils@1 to /home/beba/.config/discord/0.0.134/modules/pending/discord_game_utils-1.zip: 9%
5/10/2026, 3:51:08 PM GMT+2 [Modules] Streaming discord_game_utils@1 to /home/beba/.config/discord/0.0.134/modules/pending/discord_game_utils-1.zip: 10%
5/10/2026, 3:51:08 PM GMT+2 [Modules] Streaming discord_game_utils@1 to /home/beba/.config/discord/0.0.134/modules/pending/discord_game_utils-1.zip: 11%
5/10/2026, 3:51:08 PM GMT+2 [Modules] Streaming discord_game_utils@1 to /home/beba/.config/discord/0.0.134/modules/pending/discord_game_utils-1.zip: 12%
5/10/2026, 3:51:08 PM GMT+2 [Modules] Streaming discord_game_utils@1 to /home/beba/.config/discord/0.0.134/modules/pending/discord_game_utils-1.zip: 13%
5/10/2026, 3:51:08 PM GMT+2 [Modules] Streaming discord_game_utils@1 to /home/beba/.config/discord/0.0.134/modules/pending/discord_game_utils-1.zip: 14%
5/10/2026, 3:51:08 PM GMT+2 [Modules] Streaming discord_game_utils@1 to /home/beba/.config/discord/0.0.134/modules/pending/discord_game_utils-1.zip: 15%
5/10/2026, 3:51:08 PM GMT+2 [Modules] Streaming discord_game_utils@1 to /home/beba/.config/discord/0.0.134/modules/pending/discord_game_utils-1.zip: 16%
5/10/2026, 3:51:08 PM GMT+2 [Modules] Streaming discord_game_utils@1 to /home/beba/.config/discord/0.0.134/modules/pending/discord_game_utils-1.zip: 17%
5/10/2026, 3:51:08 PM GMT+2 [Modules] Streaming discord_game_utils@1 to /home/beba/.config/discord/0.0.134/modules/pending/discord_game_utils-1.zip: 18%
5/10/2026, 3:51:08 PM GMT+2 [Modules] Streaming discord_game_utils@1 to /home/beba/.config/discord/0.0.134/modules/pending/discord_game_utils-1.zip: 19%
5/10/2026, 3:51:08 PM GMT+2 [Modules] Streaming discord_game_utils@1 to /home/beba/.config/discord/0.0.134/modules/pending/discord_game_utils-1.zip: 20%
5/10/2026, 3:51:08 PM GMT+2 [Modules] Streaming discord_game_utils@1 to /home/beba/.config/discord/0.0.134/modules/pending/discord_game_utils-1.zip: 21%
5/10/2026, 3:51:08 PM GMT+2 [Modules] Streaming discord_game_utils@1 to /home/beba/.config/discord/0.0.134/modules/pending/discord_game_utils-1.zip: 22%
5/10/2026, 3:51:08 PM GMT+2 [Modules] Streaming discord_game_utils@1 to /home/beba/.config/discord/0.0.134/modules/pending/discord_game_utils-1.zip: 23%
5/10/2026, 3:51:08 PM GMT+2 [Modules] Streaming discord_game_utils@1 to /home/beba/.config/discord/0.0.134/modules/pending/discord_game_utils-1.zip: 24%
5/10/2026, 3:51:08 PM GMT+2 [Modules] Streaming discord_game_utils@1 to /home/beba/.config/discord/0.0.134/modules/pending/discord_game_utils-1.zip: 25%
5/10/2026, 3:51:08 PM GMT+2 [Modules] Streaming discord_game_utils@1 to /home/beba/.config/discord/0.0.134/modules/pending/discord_game_utils-1.zip: 26%
5/10/2026, 3:51:08 PM GMT+2 [Modules] Streaming discord_game_utils@1 to /home/beba/.config/discord/0.0.134/modules/pending/discord_game_utils-1.zip: 27%
5/10/2026, 3:51:08 PM GMT+2 [Modules] Streaming discord_game_utils@1 to /home/beba/.config/discord/0.0.134/modules/pending/discord_game_utils-1.zip: 28%
5/10/2026, 3:51:08 PM GMT+2 [Modules] Streaming discord_game_utils@1 to /home/beba/.config/discord/0.0.134/modules/pending/discord_game_utils-1.zip: 29%
5/10/2026, 3:51:08 PM GMT+2 [Modules] Streaming discord_game_utils@1 to /home/beba/.config/discord/0.0.134/modules/pending/discord_game_utils-1.zip: 30%
5/10/2026, 3:51:08 PM GMT+2 [Modules] Streaming discord_game_utils@1 to /home/beba/.config/discord/0.0.134/modules/pending/discord_game_utils-1.zip: 31%
5/10/2026, 3:51:08 PM GMT+2 [Modules] Streaming discord_game_utils@1 to /home/beba/.config/discord/0.0.134/modules/pending/discord_game_utils-1.zip: 32%
5/10/2026, 3:51:08 PM GMT+2 [Modules] Streaming discord_game_utils@1 to /home/beba/.config/discord/0.0.134/modules/pending/discord_game_utils-1.zip: 33%
5/10/2026, 3:51:08 PM GMT+2 [Modules] Streaming discord_game_utils@1 to /home/beba/.config/discord/0.0.134/modules/pending/discord_game_utils-1.zip: 34%
5/10/2026, 3:51:08 PM GMT+2 [Modules] Streaming discord_game_utils@1 to /home/beba/.config/discord/0.0.134/modules/pending/discord_game_utils-1.zip: 35%
5/10/2026, 3:51:08 PM GMT+2 [Modules] Streaming discord_game_utils@1 to /home/beba/.config/discord/0.0.134/modules/pending/discord_game_utils-1.zip: 36%
5/10/2026, 3:51:08 PM GMT+2 [Modules] Streaming discord_game_utils@1 to /home/beba/.config/discord/0.0.134/modules/pending/discord_game_utils-1.zip: 37%
5/10/2026, 3:51:08 PM GMT+2 [Modules] Streaming discord_game_utils@1 to /home/beba/.config/discord/0.0.134/modules/pending/discord_game_utils-1.zip: 38%
5/10/2026, 3:51:08 PM GMT+2 [Modules] Streaming discord_game_utils@1 to /home/beba/.config/discord/0.0.134/modules/pending/discord_game_utils-1.zip: 39%
5/10/2026, 3:51:08 PM GMT+2 [Modules] Streaming discord_game_utils@1 to /home/beba/.config/discord/0.0.134/modules/pending/discord_game_utils-1.zip: 40%
5/10/2026, 3:51:08 PM GMT+2 [Modules] Streaming discord_game_utils@1 to /home/beba/.config/discord/0.0.134/modules/pending/discord_game_utils-1.zip: 41%
5/10/2026, 3:51:08 PM GMT+2 [Modules] Streaming discord_game_utils@1 to /home/beba/.config/discord/0.0.134/modules/pending/discord_game_utils-1.zip: 42%
5/10/2026, 3:51:08 PM GMT+2 [Modules] Streaming discord_game_utils@1 to /home/beba/.config/discord/0.0.134/modules/pending/discord_game_utils-1.zip: 43%
5/10/2026, 3:51:08 PM GMT+2 [Modules] Streaming discord_game_utils@1 to /home/beba/.config/discord/0.0.134/modules/pending/discord_game_utils-1.zip: 44%
5/10/2026, 3:51:08 PM GMT+2 [Modules] Streaming discord_game_utils@1 to /home/beba/.config/discord/0.0.134/modules/pending/discord_game_utils-1.zip: 45%
5/10/2026, 3:51:08 PM GMT+2 [Modules] Streaming discord_game_utils@1 to /home/beba/.config/discord/0.0.134/modules/pending/discord_game_utils-1.zip: 46%
5/10/2026, 3:51:08 PM GMT+2 [Modules] Streaming discord_game_utils@1 to /home/beba/.config/discord/0.0.134/modules/pending/discord_game_utils-1.zip: 47%
5/10/2026, 3:51:08 PM GMT+2 [Modules] Streaming discord_game_utils@1 to /home/beba/.config/discord/0.0.134/modules/pending/discord_game_utils-1.zip: 48%
5/10/2026, 3:51:08 PM GMT+2 [Modules] Streaming discord_game_utils@1 to /home/beba/.config/discord/0.0.134/modules/pending/discord_game_utils-1.zip: 49%
5/10/2026, 3:51:08 PM GMT+2 [Modules] Streaming discord_game_utils@1 to /home/beba/.config/discord/0.0.134/modules/pending/discord_game_utils-1.zip: 51%
5/10/2026, 3:51:08 PM GMT+2 [Modules] Streaming discord_game_utils@1 to /home/beba/.config/discord/0.0.134/modules/pending/discord_game_utils-1.zip: 52%
5/10/2026, 3:51:08 PM GMT+2 [Modules] Streaming discord_game_utils@1 to /home/beba/.config/discord/0.0.134/modules/pending/discord_game_utils-1.zip: 53%
5/10/2026, 3:51:08 PM GMT+2 [Modules] Streaming discord_game_utils@1 to /home/beba/.config/discord/0.0.134/modules/pending/discord_game_utils-1.zip: 54%
5/10/2026, 3:51:08 PM GMT+2 [Modules] Streaming discord_game_utils@1 to /home/beba/.config/discord/0.0.134/modules/pending/discord_game_utils-1.zip: 55%
5/10/2026, 3:51:08 PM GMT+2 [Modules] Streaming discord_game_utils@1 to /home/beba/.config/discord/0.0.134/modules/pending/discord_game_utils-1.zip: 56%
5/10/2026, 3:51:08 PM GMT+2 [Modules] Streaming discord_game_utils@1 to /home/beba/.config/discord/0.0.134/modules/pending/discord_game_utils-1.zip: 57%
5/10/2026, 3:51:08 PM GMT+2 [Modules] Streaming discord_game_utils@1 to /home/beba/.config/discord/0.0.134/modules/pending/discord_game_utils-1.zip: 58%
5/10/2026, 3:51:08 PM GMT+2 [Modules] Streaming discord_game_utils@1 to /home/beba/.config/discord/0.0.134/modules/pending/discord_game_utils-1.zip: 59%
5/10/2026, 3:51:08 PM GMT+2 [Modules] Streaming discord_game_utils@1 to /home/beba/.config/discord/0.0.134/modules/pending/discord_game_utils-1.zip: 60%
5/10/2026, 3:51:08 PM GMT+2 [Modules] Streaming discord_game_utils@1 to /home/beba/.config/discord/0.0.134/modules/pending/discord_game_utils-1.zip: 61%
5/10/2026, 3:51:08 PM GMT+2 [Modules] Streaming discord_game_utils@1 to /home/beba/.config/discord/0.0.134/modules/pending/discord_game_utils-1.zip: 62%
5/10/2026, 3:51:08 PM GMT+2 [Modules] Streaming discord_game_utils@1 to /home/beba/.config/discord/0.0.134/modules/pending/discord_game_utils-1.zip: 63%
5/10/2026, 3:51:08 PM GMT+2 [Modules] Streaming discord_game_utils@1 to /home/beba/.config/discord/0.0.134/modules/pending/discord_game_utils-1.zip: 64%
5/10/2026, 3:51:08 PM GMT+2 [Modules] Streaming discord_game_utils@1 to /home/beba/.config/discord/0.0.134/modules/pending/discord_game_utils-1.zip: 65%
5/10/2026, 3:51:08 PM GMT+2 [Modules] Streaming discord_game_utils@1 to /home/beba/.config/discord/0.0.134/modules/pending/discord_game_utils-1.zip: 66%
5/10/2026, 3:51:08 PM GMT+2 [Modules] Streaming discord_game_utils@1 to /home/beba/.config/discord/0.0.134/modules/pending/discord_game_utils-1.zip: 67%
5/10/2026, 3:51:08 PM GMT+2 [Modules] Streaming discord_game_utils@1 to /home/beba/.config/discord/0.0.134/modules/pending/discord_game_utils-1.zip: 68%
5/10/2026, 3:51:08 PM GMT+2 [Modules] Streaming discord_game_utils@1 to /home/beba/.config/discord/0.0.134/modules/pending/discord_game_utils-1.zip: 69%
5/10/2026, 3:51:08 PM GMT+2 [Modules] Streaming discord_game_utils@1 to /home/beba/.config/discord/0.0.134/modules/pending/discord_game_utils-1.zip: 70%
5/10/2026, 3:51:08 PM GMT+2 [Modules] Streaming discord_game_utils@1 to /home/beba/.config/discord/0.0.134/modules/pending/discord_game_utils-1.zip: 71%
5/10/2026, 3:51:08 PM GMT+2 [Modules] Streaming discord_game_utils@1 to /home/beba/.config/discord/0.0.134/modules/pending/discord_game_utils-1.zip: 72%
5/10/2026, 3:51:08 PM GMT+2 [Modules] Streaming discord_game_utils@1 to /home/beba/.config/discord/0.0.134/modules/pending/discord_game_utils-1.zip: 73%
5/10/2026, 3:51:08 PM GMT+2 [Modules] Streaming discord_game_utils@1 to /home/beba/.config/discord/0.0.134/modules/pending/discord_game_utils-1.zip: 74%
5/10/2026, 3:51:08 PM GMT+2 [Modules] Streaming discord_game_utils@1 to /home/beba/.config/discord/0.0.134/modules/pending/discord_game_utils-1.zip: 75%
5/10/2026, 3:51:08 PM GMT+2 [Modules] Streaming discord_game_utils@1 to /home/beba/.config/discord/0.0.134/modules/pending/discord_game_utils-1.zip: 76%
5/10/2026, 3:51:08 PM GMT+2 [Modules] Streaming discord_game_utils@1 to /home/beba/.config/discord/0.0.134/modules/pending/discord_game_utils-1.zip: 77%
5/10/2026, 3:51:08 PM GMT+2 [Modules] Streaming discord_game_utils@1 to /home/beba/.config/discord/0.0.134/modules/pending/discord_game_utils-1.zip: 78%
5/10/2026, 3:51:08 PM GMT+2 [Modules] Streaming discord_game_utils@1 to /home/beba/.config/discord/0.0.134/modules/pending/discord_game_utils-1.zip: 79%
5/10/2026, 3:51:08 PM GMT+2 [Modules] Streaming discord_game_utils@1 to /home/beba/.config/discord/0.0.134/modules/pending/discord_game_utils-1.zip: 80%
5/10/2026, 3:51:08 PM GMT+2 [Modules] Streaming discord_game_utils@1 to /home/beba/.config/discord/0.0.134/modules/pending/discord_game_utils-1.zip: 81%
5/10/2026, 3:51:08 PM GMT+2 [Modules] Streaming discord_game_utils@1 to /home/beba/.config/discord/0.0.134/modules/pending/discord_game_utils-1.zip: 82%
5/10/2026, 3:51:08 PM GMT+2 [Modules] Streaming discord_game_utils@1 to /home/beba/.config/discord/0.0.134/modules/pending/discord_game_utils-1.zip: 83%
5/10/2026, 3:51:08 PM GMT+2 [Modules] Streaming discord_game_utils@1 to /home/beba/.config/discord/0.0.134/modules/pending/discord_game_utils-1.zip: 84%
5/10/2026, 3:51:08 PM GMT+2 [Modules] Streaming discord_game_utils@1 to /home/beba/.config/discord/0.0.134/modules/pending/discord_game_utils-1.zip: 85%
5/10/2026, 3:51:08 PM GMT+2 [Modules] Streaming discord_game_utils@1 to /home/beba/.config/discord/0.0.134/modules/pending/discord_game_utils-1.zip: 86%
5/10/2026, 3:51:08 PM GMT+2 [Modules] Streaming discord_game_utils@1 to /home/beba/.config/discord/0.0.134/modules/pending/discord_game_utils-1.zip: 87%
5/10/2026, 3:51:08 PM GMT+2 [Modules] Streaming discord_game_utils@1 to /home/beba/.config/discord/0.0.134/modules/pending/discord_game_utils-1.zip: 88%
5/10/2026, 3:51:08 PM GMT+2 [Modules] Streaming discord_game_utils@1 to /home/beba/.config/discord/0.0.134/modules/pending/discord_game_utils-1.zip: 89%
5/10/2026, 3:51:08 PM GMT+2 [Modules] Streaming discord_game_utils@1 to /home/beba/.config/discord/0.0.134/modules/pending/discord_game_utils-1.zip: 90%
5/10/2026, 3:51:08 PM GMT+2 [Modules] Streaming discord_game_utils@1 to /home/beba/.config/discord/0.0.134/modules/pending/discord_game_utils-1.zip: 91%
5/10/2026, 3:51:08 PM GMT+2 [Modules] Streaming discord_game_utils@1 to /home/beba/.config/discord/0.0.134/modules/pending/discord_game_utils-1.zip: 92%
5/10/2026, 3:51:08 PM GMT+2 [Modules] Streaming discord_game_utils@1 to /home/beba/.config/discord/0.0.134/modules/pending/discord_game_utils-1.zip: 93%
5/10/2026, 3:51:08 PM GMT+2 [Modules] Streaming discord_game_utils@1 to /home/beba/.config/discord/0.0.134/modules/pending/discord_game_utils-1.zip: 94%
5/10/2026, 3:51:08 PM GMT+2 [Modules] Streaming discord_game_utils@1 to /home/beba/.config/discord/0.0.134/modules/pending/discord_game_utils-1.zip: 95%
5/10/2026, 3:51:08 PM GMT+2 [Modules] Streaming discord_game_utils@1 to /home/beba/.config/discord/0.0.134/modules/pending/discord_game_utils-1.zip: 96%
5/10/2026, 3:51:08 PM GMT+2 [Modules] Streaming discord_game_utils@1 to /home/beba/.config/discord/0.0.134/modules/pending/discord_game_utils-1.zip: 97%
5/10/2026, 3:51:08 PM GMT+2 [Modules] Streaming discord_game_utils@1 to /home/beba/.config/discord/0.0.134/modules/pending/discord_game_utils-1.zip: 98%
5/10/2026, 3:51:08 PM GMT+2 [Modules] Streaming discord_game_utils@1 to /home/beba/.config/discord/0.0.134/modules/pending/discord_game_utils-1.zip: 99%
5/10/2026, 3:51:08 PM GMT+2 [Modules] Streaming discord_game_utils@1 to /home/beba/.config/discord/0.0.134/modules/pending/discord_game_utils-1.zip: 100%
5/10/2026, 3:51:08 PM GMT+2 [Modules] Fetching discord_rpc@1 from https://discord.com/api/modules/stable/discord_rpc/1
5/10/2026, 3:51:08 PM GMT+2 [Modules] Streaming discord_rpc@1 to /home/beba/.config/discord/0.0.134/modules/pending/discord_rpc-1.zip
5/10/2026, 3:51:08 PM GMT+2 [Modules] Installing discord_game_utils@1 from /home/beba/.config/discord/0.0.134/modules/pending/discord_game_utils-1.zip
5/10/2026, 3:51:09 PM GMT+2 [Modules] Finished module installations. [success: 1] [failure: 0]
5/10/2026, 3:51:09 PM GMT+2 [Modules] Streaming discord_rpc@1 to /home/beba/.config/discord/0.0.134/modules/pending/discord_rpc-1.zip: 8%
5/10/2026, 3:51:09 PM GMT+2 [Modules] Streaming discord_rpc@1 to /home/beba/.config/discord/0.0.134/modules/pending/discord_rpc-1.zip: 100%
5/10/2026, 3:51:09 PM GMT+2 [Modules] Finished module downloads. [success: 3] [failure: 0]
5/10/2026, 3:51:09 PM GMT+2 [Modules] Installing discord_rpc@1 from /home/beba/.config/discord/0.0.134/modules/pending/discord_rpc-1.zip
5/10/2026, 3:51:09 PM GMT+2 [Modules] Finished module installations. [success: 1] [failure: 0]
5/10/2026, 3:52:20 PM GMT+2 [Modules] Host is up to date.
5/10/2026, 3:52:20 PM GMT+2 [Modules] Checking for module updates at https://discord.com/api/modules/stable/versions.json
5/10/2026, 3:52:20 PM GMT+2 [Modules] No module updates available.
5/10/2026, 4:52:20 PM GMT+2 [Modules] Host is up to date.
5/10/2026, 4:52:20 PM GMT+2 [Modules] Checking for module updates at https://discord.com/api/modules/stable/versions.json
5/10/2026, 4:52:20 PM GMT+2 [Modules] No module updates available.
5/10/2026, 5:52:20 PM GMT+2 [Modules] Host is up to date.
5/10/2026, 5:52:20 PM GMT+2 [Modules] Checking for module updates at https://discord.com/api/modules/stable/versions.json
5/10/2026, 5:52:20 PM GMT+2 [Modules] No module updates available.
5/10/2026, 6:52:20 PM GMT+2 [Modules] Host is up to date.
5/10/2026, 6:52:20 PM GMT+2 [Modules] Checking for module updates at https://discord.com/api/modules/stable/versions.json
5/10/2026, 6:52:20 PM GMT+2 [Modules] No module updates available.
5/10/2026, 7:52:20 PM GMT+2 [Modules] Host is up to date.
5/10/2026, 7:52:20 PM GMT+2 [Modules] Checking for module updates at https://discord.com/api/modules/stable/versions.json
5/10/2026, 7:52:20 PM GMT+2 [Modules] No module updates available.
5/10/2026, 8:52:20 PM GMT+2 [Modules] Host is up to date.
5/10/2026, 8:52:20 PM GMT+2 [Modules] Checking for module updates at https://discord.com/api/modules/stable/versions.json
5/10/2026, 8:52:20 PM GMT+2 [Modules] No module updates available.
5/17/2026, 8:37:53 PM GMT+2 [Modules] Modules initializing
5/17/2026, 8:37:53 PM GMT+2 [Modules] Distribution: remote
5/17/2026, 8:37:53 PM GMT+2 [Modules] Host updates: disabled
5/17/2026, 8:37:53 PM GMT+2 [Modules] Module updates: enabled
5/17/2026, 8:37:53 PM GMT+2 [Modules] Module install path: /home/beba/.config/discord/0.0.134/modules
5/17/2026, 8:37:53 PM GMT+2 [Modules] Module installed file path: /home/beba/.config/discord/0.0.134/modules/installed.json
5/17/2026, 8:37:53 PM GMT+2 [Modules] Module download path: /home/beba/.config/discord/0.0.134/modules/pending
5/17/2026, 8:37:53 PM GMT+2 [Modules] No updates to install
5/17/2026, 8:37:53 PM GMT+2 [Modules] Host is up to date.
5/17/2026, 8:37:53 PM GMT+2 [Modules] Checking for module updates at https://discord.com/api/modules/stable/versions.json
5/17/2026, 8:37:53 PM GMT+2 [Modules] No module updates available.
5/17/2026, 8:37:58 PM GMT+2 [Modules] Host is up to date.
5/17/2026, 8:37:58 PM GMT+2 [Modules] Checking for module updates at https://discord.com/api/modules/stable/versions.json
5/17/2026, 8:37:58 PM GMT+2 [Modules] No module updates available.
