5/10/2026, 3:50:54 PM GMT+2 0: 

----------------------------------------------
5/10/2026, 3:50:54 PM GMT+2 1: Discord starting: {"releaseChannel":"stable","version":"0.0.134"}, modulepath: /home/beba/.config/discord/0.0.134/modules
5/10/2026, 3:50:54 PM GMT+2 2: ✅ webContents.created web1 ""
5/10/2026, 3:50:54 PM GMT+2 3: ✅ window.created win1 "discord"
5/10/2026, 3:50:54 PM GMT+2 4: ✅ webContents.did-finish-load web1
5/10/2026, 3:51:02 PM GMT+2 5: ✅ webContents.created web2 ""
5/10/2026, 3:51:03 PM GMT+2 6: ✅ window.created win2 "Discord"
5/10/2026, 3:51:03 PM GMT+2 7: ✅ webContents.did-finish-load web2
5/10/2026, 3:51:04 PM GMT+2 8: window.close win1
5/10/2026, 3:51:04 PM GMT+2 9: webContents.destroyed web1
5/10/2026, 3:51:04 PM GMT+2 10: window.closed win1
5/17/2026, 8:37:53 PM GMT+2 0: 

----------------------------------------------
5/17/2026, 8:37:53 PM GMT+2 1: Discord starting: {"releaseChannel":"stable","version":"0.0.134"}, modulepath: /home/beba/.config/discord/0.0.134/modules
5/17/2026, 8:37:53 PM GMT+2 2: ✅ webContents.created web1 ""
5/17/2026, 8:37:53 PM GMT+2 3: ✅ window.created win1 "discord"
5/17/2026, 8:37:53 PM GMT+2 4: ✅ webContents.did-finish-load web1
5/17/2026, 8:37:53 PM GMT+2 5: ✅ webContents.created web2 ""
5/17/2026, 8:37:53 PM GMT+2 6: ✅ window.created win2 "Discord"
5/17/2026, 8:37:55 PM GMT+2 7: ✅ webContents.did-finish-load web2
5/17/2026, 8:37:55 PM GMT+2 8: window.close win1
5/17/2026, 8:37:55 PM GMT+2 9: webContents.destroyed web1
5/17/2026, 8:37:55 PM GMT+2 10: window.closed win1
